# JRE version: Java(TM) SE Runtime Environment (17.0.3+8) (build 17.0.3+8-LTS-111)
# Java VM: Java HotSpot(TM) 64-Bit Server VM (17.0.3+8-LTS-111, mixed mode, sharing, tiered, compressed oops, compressed class ptrs, g1 gc, windows-amd64)
GC Precious Log:
 CPUs: 4 total, 4 available
 Memory: 3839M
 Large Page Support: Disabled
 NUMA Support: Disabled
 Compressed Oops: Enabled (32-bit)
 Heap Region Size: 1M
 Heap Min Capacity: 8M
 Heap Initial Capacity: 60M
 Heap Max Capacity: 960M
 Pre-touch: Disabled
 Parallel Workers: 4
 Concurrent Workers: 1
 Concurrent Refinement Workers: 4
 Periodic GC: Disabled
Heap:
 garbage-first heap   total 71680K, used 31912K [0x00000000c4000000, 0x0000000100000000)
  region size 1024K, 1 young (1024K), 1 survivors (1024K)
 Metaspace       used 53740K, committed 54080K, reserved 1097728K
  class space    used 7082K, committed 7232K, reserved 1048576K
GC Heap History (20 events):
Event: 250.528 GC heap after
{Heap after GC invocations=17 (full 0):
 garbage-first heap   total 55296K, used 26835K [0x00000000c4000000, 0x0000000100000000)
  region size 1024K, 2 young (2048K), 2 survivors (2048K)
 Metaspace       used 47285K, committed 47680K, reserved 1097728K
  class space    used 6245K, committed 6464K, reserved 1048576K
}
Event: 264.605 GC heap before
{Heap before GC invocations=17 (full 0):
 garbage-first heap   total 55296K, used 42195K [0x00000000c4000000, 0x0000000100000000)
  region size 1024K, 17 young (17408K), 2 survivors (2048K)
 Metaspace       used 49172K, committed 49600K, reserved 1097728K
  class space    used 6453K, committed 6656K, reserved 1048576K
}
Event: 264.626 GC heap after
{Heap after GC invocations=18 (full 0):
 garbage-first heap   total 55296K, used 29474K [0x00000000c4000000, 0x0000000100000000)
  region size 1024K, 3 young (3072K), 3 survivors (3072K)
 Metaspace       used 49172K, committed 49600K, reserved 1097728K
  class space    used 6453K, committed 6656K, reserved 1048576K
}
Event: 267.505 GC heap before
{Heap before GC invocations=19 (full 0):
 garbage-first heap   total 55296K, used 42786K [0x00000000c4000000, 0x0000000100000000)
  region size 1024K, 16 young (16384K), 3 survivors (3072K)
 Metaspace       used 49830K, committed 50240K, reserved 1097728K
  class space    used 6533K, committed 6720K, reserved 1048576K
}
Event: 267.522 GC heap after
{Heap after GC invocations=20 (full 0):
 garbage-first heap   total 55296K, used 30081K [0x00000000c4000000, 0x0000000100000000)
  region size 1024K, 1 young (1024K), 1 survivors (1024K)
 Metaspace       used 49830K, committed 50240K, reserved 1097728K
  class space    used 6533K, committed 6720K, reserved 1048576K
}
Event: 267.586 GC heap before
{Heap before GC invocations=20 (full 0):
 garbage-first heap   total 55296K, used 31105K [0x00000000c4000000, 0x0000000100000000)
  region size 1024K, 2 young (2048K), 1 survivors (1024K)
 Metaspace       used 49833K, committed 50240K, reserved 1097728K
  class space    used 6533K, committed 6720K, reserved 1048576K
}
Event: 267.590 GC heap after
{Heap after GC invocations=21 (full 0):
 garbage-first heap   total 55296K, used 30192K [0x00000000c4000000, 0x0000000100000000)
  region size 1024K, 1 young (1024K), 1 survivors (1024K)
 Metaspace       used 49833K, committed 50240K, reserved 1097728K
  class space    used 6533K, committed 6720K, reserved 1048576K
}
Event: 270.043 GC heap before
{Heap before GC invocations=21 (full 0):
 garbage-first heap   total 55296K, used 43504K [0x00000000c4000000, 0x0000000100000000)
  region size 1024K, 15 young (15360K), 1 survivors (1024K)
 Metaspace       used 50962K, committed 51328K, reserved 1097728K
  class space    used 6669K, committed 6848K, reserved 1048576K
}
Event: 270.061 GC heap after
{Heap after GC invocations=22 (full 0):
 garbage-first heap   total 55296K, used 30566K [0x00000000c4000000, 0x0000000100000000)
  region size 1024K, 1 young (1024K), 1 survivors (1024K)
 Metaspace       used 50962K, committed 51328K, reserved 1097728K
  class space    used 6669K, committed 6848K, reserved 1048576K
}
Event: 277.481 GC heap before
{Heap before GC invocations=23 (full 0):
 garbage-first heap   total 55296K, used 44902K [0x00000000c4000000, 0x0000000100000000)
  region size 1024K, 15 young (15360K), 1 survivors (1024K)
 Metaspace       used 52862K, committed 53248K, reserved 1097728K
  class space    used 7045K, committed 7232K, reserved 1048576K
}
Event: 277.491 GC heap after
{Heap after GC invocations=24 (full 0):
 garbage-first heap   total 55296K, used 31108K [0x00000000c4000000, 0x0000000100000000)
  region size 1024K, 2 young (2048K), 2 survivors (2048K)
 Metaspace       used 52862K, committed 53248K, reserved 1097728K
  class space    used 7045K, committed 7232K, reserved 1048576K
}
Event: 277.844 GC heap before
{Heap before GC invocations=24 (full 0):
 garbage-first heap   total 55296K, used 45444K [0x00000000c4000000, 0x0000000100000000)
  region size 1024K, 16 young (16384K), 2 survivors (2048K)
 Metaspace       used 53125K, committed 53504K, reserved 1097728K
  class space    used 7052K, committed 7232K, reserved 1048576K
}
Event: 277.853 GC heap after
{Heap after GC invocations=25 (full 0):
 garbage-first heap   total 55296K, used 31283K [0x00000000c4000000, 0x0000000100000000)
  region size 1024K, 2 young (2048K), 2 survivors (2048K)
 Metaspace       used 53125K, committed 53504K, reserved 1097728K
  class space    used 7052K, committed 7232K, reserved 1048576K
}
Event: 278.074 GC heap before
{Heap before GC invocations=25 (full 0):
 garbage-first heap   total 71680K, used 44595K [0x00000000c4000000, 0x0000000100000000)
  region size 1024K, 15 young (15360K), 2 survivors (2048K)
 Metaspace       used 53298K, committed 53632K, reserved 1097728K
  class space    used 7059K, committed 7232K, reserved 1048576K
}
Event: 278.082 GC heap after
{Heap after GC invocations=26 (full 0):
 garbage-first heap   total 71680K, used 31530K [0x00000000c4000000, 0x0000000100000000)
  region size 1024K, 1 young (1024K), 1 survivors (1024K)
 Metaspace       used 53298K, committed 53632K, reserved 1097728K
  class space    used 7059K, committed 7232K, reserved 1048576K
}
Event: 278.481 GC heap before
{Heap before GC invocations=27 (full 0):
 garbage-first heap   total 71680K, used 58154K [0x00000000c4000000, 0x0000000100000000)
  region size 1024K, 27 young (27648K), 1 survivors (1024K)
 Metaspace       used 53530K, committed 53888K, reserved 1097728K
  class space    used 7071K, committed 7232K, reserved 1048576K
}
Event: 278.488 GC heap after
{Heap after GC invocations=28 (full 0):
 garbage-first heap   total 71680K, used 32047K [0x00000000c4000000, 0x0000000100000000)
  region size 1024K, 2 young (2048K), 2 survivors (2048K)
 Metaspace       used 53530K, committed 53888K, reserved 1097728K
  class space    used 7071K, committed 7232K, reserved 1048576K
}
Event: 278.501 GC heap before
{Heap before GC invocations=28 (full 0):
 garbage-first heap   total 71680K, used 33071K [0x00000000c4000000, 0x0000000100000000)
  region size 1024K, 3 young (3072K), 2 survivors (2048K)
 Metaspace       used 53548K, committed 53888K, reserved 1097728K
  class space    used 7072K, committed 7232K, reserved 1048576K
}
Event: 278.510 GC heap after
{Heap after GC invocations=29 (full 0):
 garbage-first heap   total 71680K, used 31682K [0x00000000c4000000, 0x0000000100000000)
  region size 1024K, 1 young (1024K), 1 survivors (1024K)
 Metaspace       used 53548K, committed 53888K, reserved 1097728K
  class space    used 7072K, committed 7232K, reserved 1048576K
}
Event: 278.843 GC heap before
{Heap before GC invocations=29 (full 0):
 garbage-first heap   total 71680K, used 58306K [0x00000000c4000000, 0x0000000100000000)
  region size 1024K, 27 young (27648K), 1 survivors (1024K)
 Metaspace       used 53740K, committed 54080K, reserved 1097728K
  class space    used 7082K, committed 7232K, reserved 1048576K
}

