# JRE version: Java(TM) SE Runtime Environment (17.0.3+8) (build 17.0.3+8-LTS-111)
# Java VM: Java HotSpot(TM) 64-Bit Server VM (17.0.3+8-LTS-111, mixed mode, sharing, tiered, compressed oops, compressed class ptrs, g1 gc, windows-amd64)
GC Precious Log:
 CPUs: 4 total, 4 available
 Memory: 3839M
 Large Page Support: Disabled
 NUMA Support: Disabled
 Compressed Oops: Enabled (32-bit)
 Heap Region Size: 1M
 Heap Min Capacity: 8M
 Heap Initial Capacity: 60M
 Heap Max Capacity: 960M
 Pre-touch: Disabled
 Parallel Workers: 4
 Concurrent Workers: 1
 Concurrent Refinement Workers: 4
 Periodic GC: Disabled
Heap:
 garbage-first heap   total 71680K, used 33778K [0x00000000c4000000, 0x0000000100000000)
  region size 1024K, 1 young (1024K), 1 survivors (1024K)
 Metaspace       used 54326K, committed 54720K, reserved 1097728K
  class space    used 7122K, committed 7296K, reserved 1048576K
GC Heap History (20 events):
Event: 75.770 GC heap after
{Heap after GC invocations=18 (full 0):
 garbage-first heap   total 55296K, used 29745K [0x00000000c4000000, 0x0000000100000000)
  region size 1024K, 3 young (3072K), 3 survivors (3072K)
 Metaspace       used 47966K, committed 48320K, reserved 1097728K
  class space    used 6285K, committed 6464K, reserved 1048576K
}
Event: 76.993 GC heap before
{Heap before GC invocations=19 (full 0):
 garbage-first heap   total 55296K, used 43057K [0x00000000c4000000, 0x0000000100000000)
  region size 1024K, 16 young (16384K), 3 survivors (3072K)
 Metaspace       used 50225K, committed 50560K, reserved 1097728K
  class space    used 6566K, committed 6720K, reserved 1048576K
}
Event: 77.030 GC heap after
{Heap after GC invocations=20 (full 0):
 garbage-first heap   total 55296K, used 31135K [0x00000000c4000000, 0x0000000100000000)
  region size 1024K, 2 young (2048K), 2 survivors (2048K)
 Metaspace       used 50225K, committed 50560K, reserved 1097728K
  class space    used 6566K, committed 6720K, reserved 1048576K
}
Event: 77.276 GC heap before
{Heap before GC invocations=20 (full 0):
 garbage-first heap   total 55296K, used 42399K [0x00000000c4000000, 0x0000000100000000)
  region size 1024K, 13 young (13312K), 2 survivors (2048K)
 Metaspace       used 50368K, committed 50688K, reserved 1097728K
  class space    used 6568K, committed 6720K, reserved 1048576K
}
Event: 77.286 GC heap after
{Heap after GC invocations=21 (full 0):
 garbage-first heap   total 66560K, used 31819K [0x00000000c4000000, 0x0000000100000000)
  region size 1024K, 1 young (1024K), 1 survivors (1024K)
 Metaspace       used 50368K, committed 50688K, reserved 1097728K
  class space    used 6568K, committed 6720K, reserved 1048576K
}
Event: 81.277 GC heap before
{Heap before GC invocations=22 (full 0):
 garbage-first heap   total 66560K, used 51275K [0x00000000c4000000, 0x0000000100000000)
  region size 1024K, 20 young (20480K), 1 survivors (1024K)
 Metaspace       used 52822K, committed 53184K, reserved 1097728K
  class space    used 7003K, committed 7168K, reserved 1048576K
}
Event: 81.297 GC heap after
{Heap after GC invocations=23 (full 0):
 garbage-first heap   total 66560K, used 32398K [0x00000000c4000000, 0x0000000100000000)
  region size 1024K, 2 young (2048K), 2 survivors (2048K)
 Metaspace       used 52822K, committed 53184K, reserved 1097728K
  class space    used 7003K, committed 7168K, reserved 1048576K
}
Event: 82.487 GC heap before
{Heap before GC invocations=23 (full 0):
 garbage-first heap   total 66560K, used 51854K [0x00000000c4000000, 0x0000000100000000)
  region size 1024K, 21 young (21504K), 2 survivors (2048K)
 Metaspace       used 53616K, committed 53952K, reserved 1097728K
  class space    used 7083K, committed 7232K, reserved 1048576K
}
Event: 82.494 GC heap after
{Heap after GC invocations=24 (full 0):
 garbage-first heap   total 66560K, used 32750K [0x00000000c4000000, 0x0000000100000000)
  region size 1024K, 2 young (2048K), 2 survivors (2048K)
 Metaspace       used 53616K, committed 53952K, reserved 1097728K
  class space    used 7083K, committed 7232K, reserved 1048576K
}
Event: 82.826 GC heap before
{Heap before GC invocations=25 (full 0):
 garbage-first heap   total 66560K, used 53230K [0x00000000c4000000, 0x0000000100000000)
  region size 1024K, 22 young (22528K), 2 survivors (2048K)
 Metaspace       used 53817K, committed 54208K, reserved 1097728K
  class space    used 7096K, committed 7296K, reserved 1048576K
}
Event: 82.836 GC heap after
{Heap after GC invocations=26 (full 0):
 garbage-first heap   total 66560K, used 33071K [0x00000000c4000000, 0x0000000100000000)
  region size 1024K, 2 young (2048K), 2 survivors (2048K)
 Metaspace       used 53817K, committed 54208K, reserved 1097728K
  class space    used 7096K, committed 7296K, reserved 1048576K
}
Event: 82.859 GC heap before
{Heap before GC invocations=26 (full 0):
 garbage-first heap   total 66560K, used 34095K [0x00000000c4000000, 0x0000000100000000)
  region size 1024K, 3 young (3072K), 2 survivors (2048K)
 Metaspace       used 53834K, committed 54272K, reserved 1097728K
  class space    used 7097K, committed 7296K, reserved 1048576K
}
Event: 82.871 GC heap after
{Heap after GC invocations=27 (full 0):
 garbage-first heap   total 66560K, used 32983K [0x00000000c4000000, 0x0000000100000000)
  region size 1024K, 1 young (1024K), 1 survivors (1024K)
 Metaspace       used 53834K, committed 54272K, reserved 1097728K
  class space    used 7097K, committed 7296K, reserved 1048576K
}
Event: 83.142 GC heap before
{Heap before GC invocations=27 (full 0):
 garbage-first heap   total 66560K, used 53463K [0x00000000c4000000, 0x0000000100000000)
  region size 1024K, 21 young (21504K), 1 survivors (1024K)
 Metaspace       used 53994K, committed 54400K, reserved 1097728K
  class space    used 7104K, committed 7296K, reserved 1048576K
}
Event: 83.146 GC heap after
{Heap after GC invocations=28 (full 0):
 garbage-first heap   total 66560K, used 33244K [0x00000000c4000000, 0x0000000100000000)
  region size 1024K, 1 young (1024K), 1 survivors (1024K)
 Metaspace       used 53994K, committed 54400K, reserved 1097728K
  class space    used 7104K, committed 7296K, reserved 1048576K
}
Event: 83.409 GC heap before
{Heap before GC invocations=29 (full 0):
 garbage-first heap   total 71680K, used 54748K [0x00000000c4000000, 0x0000000100000000)
  region size 1024K, 22 young (22528K), 1 survivors (1024K)
 Metaspace       used 54139K, committed 54528K, reserved 1097728K
  class space    used 7112K, committed 7296K, reserved 1048576K
}
Event: 83.413 GC heap after
{Heap after GC invocations=30 (full 0):
 garbage-first heap   total 71680K, used 33656K [0x00000000c4000000, 0x0000000100000000)
  region size 1024K, 2 young (2048K), 2 survivors (2048K)
 Metaspace       used 54139K, committed 54528K, reserved 1097728K
  class space    used 7112K, committed 7296K, reserved 1048576K
}
Event: 83.421 GC heap before
{Heap before GC invocations=30 (full 0):
 garbage-first heap   total 71680K, used 34680K [0x00000000c4000000, 0x0000000100000000)
  region size 1024K, 3 young (3072K), 2 survivors (2048K)
 Metaspace       used 54156K, committed 54528K, reserved 1097728K
  class space    used 7113K, committed 7296K, reserved 1048576K
}
Event: 83.425 GC heap after
{Heap after GC invocations=31 (full 0):
 garbage-first heap   total 71680K, used 33360K [0x00000000c4000000, 0x0000000100000000)
  region size 1024K, 1 young (1024K), 1 survivors (1024K)
 Metaspace       used 54156K, committed 54528K, reserved 1097728K
  class space    used 7113K, committed 7296K, reserved 1048576K
}
Event: 83.673 GC heap before
{Heap before GC invocations=31 (full 0):
 garbage-first heap   total 71680K, used 58960K [0x00000000c4000000, 0x0000000100000000)
  region size 1024K, 26 young (26624K), 1 survivors (1024K)
 Metaspace       used 54326K, committed 54720K, reserved 1097728K
  class space    used 7122K, committed 7296K, reserved 1048576K
}

