<?xml version="1.0" encoding="UTF-8"?>
<testsuite xmlns:xsi="http://www.w3.org/2001/XMLSchema-instance" xsi:noNamespaceSchemaLocation="https://maven.apache.org/surefire/maven-surefire-plugin/xsd/surefire-test-report.xsd" name="wwf.org.staff.ServiceStaffApplicationTests" time="274.091" tests="1" errors="1" skipped="0" failures="0">
  <properties>
[...]
</properties>
  <testcase name="contextLoads" classname="wwf.org.staff.ServiceStaffApplicationTests" time="0.006">
    <error message="Failed to load ApplicationContext" type="java.lang.IllegalStateException">java.lang.IllegalStateException: Failed to load ApplicationContext
Caused by: org.springframework.beans.factory.UnsatisfiedDependencyException: Error creating bean with name 'additionalOrganizationController': Unsatisfied dependency expressed through field 'service'; nested exception is org.springframework.beans.factory.UnsatisfiedDependencyException: Error creating bean with name 'additionalOrganizationServiceImpl': Unsatisfied dependency expressed through field 'repository'; nested exception is org.springframework.beans.factory.BeanCreationException: Error creating bean with name 'additionalOrganizationRepository' defined in wwf.org.staff.repository.AdditionalOrganizationRepository defined in @EnableJpaRepositories declared on JpaRepositoriesRegistrar.EnableJpaRepositoriesConfiguration: Invocation of init method failed; nested exception is org.springframework.data.repository.query.QueryCreationException: Could not create query for public abstract wwf.org.staff.entity.AdditionalOrganization wwf.org.staff.repository.AdditionalOrganizationRepository.findByTenantIdAndadditionalOrganizationTypeIdAndFromTimeAndUntilTimeAndFromMonthAndUntilMonthAndValue(java.lang.Long,java.lang.Long,java.lang.Integer,java.lang.Integer,java.lang.Integer,java.lang.Integer,java.lang.Integer)! Reason: Failed to create query for method public abstract wwf.org.staff.entity.AdditionalOrganization wwf.org.staff.repository.AdditionalOrganizationRepository.findByTenantIdAndadditionalOrganizationTypeIdAndFromTimeAndUntilTimeAndFromMonthAndUntilMonthAndValue(java.lang.Long,java.lang.Long,java.lang.Integer,java.lang.Integer,java.lang.Integer,java.lang.Integer,java.lang.Integer)! No property 'andadditionalOrganizationTypeId' found for type 'Long'! Traversed path: AdditionalOrganization.tenantId.; nested exception is java.lang.IllegalArgumentException: Failed to create query for method public abstract wwf.org.staff.entity.AdditionalOrganization wwf.org.staff.repository.AdditionalOrganizationRepository.findByTenantIdAndadditionalOrganizationTypeIdAndFromTimeAndUntilTimeAndFromMonthAndUntilMonthAndValue(java.lang.Long,java.lang.Long,java.lang.Integer,java.lang.Integer,java.lang.Integer,java.lang.Integer,java.lang.Integer)! No property 'andadditionalOrganizationTypeId' found for type 'Long'! Traversed path: AdditionalOrganization.tenantId.
Caused by: org.springframework.beans.factory.UnsatisfiedDependencyException: Error creating bean with name 'additionalOrganizationServiceImpl': Unsatisfied dependency expressed through field 'repository'; nested exception is org.springframework.beans.factory.BeanCreationException: Error creating bean with name 'additionalOrganizationRepository' defined in wwf.org.staff.repository.AdditionalOrganizationRepository defined in @EnableJpaRepositories declared on JpaRepositoriesRegistrar.EnableJpaRepositoriesConfiguration: Invocation of init method failed; nested exception is org.springframework.data.repository.query.QueryCreationException: Could not create query for public abstract wwf.org.staff.entity.AdditionalOrganization wwf.org.staff.repository.AdditionalOrganizationRepository.findByTenantIdAndadditionalOrganizationTypeIdAndFromTimeAndUntilTimeAndFromMonthAndUntilMonthAndValue(java.lang.Long,java.lang.Long,java.lang.Integer,java.lang.Integer,java.lang.Integer,java.lang.Integer,java.lang.Integer)! Reason: Failed to create query for method public abstract wwf.org.staff.entity.AdditionalOrganization wwf.org.staff.repository.AdditionalOrganizationRepository.findByTenantIdAndadditionalOrganizationTypeIdAndFromTimeAndUntilTimeAndFromMonthAndUntilMonthAndValue(java.lang.Long,java.lang.Long,java.lang.Integer,java.lang.Integer,java.lang.Integer,java.lang.Integer,java.lang.Integer)! No property 'andadditionalOrganizationTypeId' found for type 'Long'! Traversed path: AdditionalOrganization.tenantId.; nested exception is java.lang.IllegalArgumentException: Failed to create query for method public abstract wwf.org.staff.entity.AdditionalOrganization wwf.org.staff.repository.AdditionalOrganizationRepository.findByTenantIdAndadditionalOrganizationTypeIdAndFromTimeAndUntilTimeAndFromMonthAndUntilMonthAndValue(java.lang.Long,java.lang.Long,java.lang.Integer,java.lang.Integer,java.lang.Integer,java.lang.Integer,java.lang.Integer)! No property 'andadditionalOrganizationTypeId' found for type 'Long'! Traversed path: AdditionalOrganization.tenantId.
Caused by: org.springframework.beans.factory.BeanCreationException: Error creating bean with name 'additionalOrganizationRepository' defined in wwf.org.staff.repository.AdditionalOrganizationRepository defined in @EnableJpaRepositories declared on JpaRepositoriesRegistrar.EnableJpaRepositoriesConfiguration: Invocation of init method failed; nested exception is org.springframework.data.repository.query.QueryCreationException: Could not create query for public abstract wwf.org.staff.entity.AdditionalOrganization wwf.org.staff.repository.AdditionalOrganizationRepository.findByTenantIdAndadditionalOrganizationTypeIdAndFromTimeAndUntilTimeAndFromMonthAndUntilMonthAndValue(java.lang.Long,java.lang.Long,java.lang.Integer,java.lang.Integer,java.lang.Integer,java.lang.Integer,java.lang.Integer)! Reason: Failed to create query for method public abstract wwf.org.staff.entity.AdditionalOrganization wwf.org.staff.repository.AdditionalOrganizationRepository.findByTenantIdAndadditionalOrganizationTypeIdAndFromTimeAndUntilTimeAndFromMonthAndUntilMonthAndValue(java.lang.Long,java.lang.Long,java.lang.Integer,java.lang.Integer,java.lang.Integer,java.lang.Integer,java.lang.Integer)! No property 'andadditionalOrganizationTypeId' found for type 'Long'! Traversed path: AdditionalOrganization.tenantId.; nested exception is java.lang.IllegalArgumentException: Failed to create query for method public abstract wwf.org.staff.entity.AdditionalOrganization wwf.org.staff.repository.AdditionalOrganizationRepository.findByTenantIdAndadditionalOrganizationTypeIdAndFromTimeAndUntilTimeAndFromMonthAndUntilMonthAndValue(java.lang.Long,java.lang.Long,java.lang.Integer,java.lang.Integer,java.lang.Integer,java.lang.Integer,java.lang.Integer)! No property 'andadditionalOrganizationTypeId' found for type 'Long'! Traversed path: AdditionalOrganization.tenantId.
Caused by: org.springframework.data.repository.query.QueryCreationException: Could not create query for public abstract wwf.org.staff.entity.AdditionalOrganization wwf.org.staff.repository.AdditionalOrganizationRepository.findByTenantIdAndadditionalOrganizationTypeIdAndFromTimeAndUntilTimeAndFromMonthAndUntilMonthAndValue(java.lang.Long,java.lang.Long,java.lang.Integer,java.lang.Integer,java.lang.Integer,java.lang.Integer,java.lang.Integer)! Reason: Failed to create query for method public abstract wwf.org.staff.entity.AdditionalOrganization wwf.org.staff.repository.AdditionalOrganizationRepository.findByTenantIdAndadditionalOrganizationTypeIdAndFromTimeAndUntilTimeAndFromMonthAndUntilMonthAndValue(java.lang.Long,java.lang.Long,java.lang.Integer,java.lang.Integer,java.lang.Integer,java.lang.Integer,java.lang.Integer)! No property 'andadditionalOrganizationTypeId' found for type 'Long'! Traversed path: AdditionalOrganization.tenantId.; nested exception is java.lang.IllegalArgumentException: Failed to create query for method public abstract wwf.org.staff.entity.AdditionalOrganization wwf.org.staff.repository.AdditionalOrganizationRepository.findByTenantIdAndadditionalOrganizationTypeIdAndFromTimeAndUntilTimeAndFromMonthAndUntilMonthAndValue(java.lang.Long,java.lang.Long,java.lang.Integer,java.lang.Integer,java.lang.Integer,java.lang.Integer,java.lang.Integer)! No property 'andadditionalOrganizationTypeId' found for type 'Long'! Traversed path: AdditionalOrganization.tenantId.
Caused by: java.lang.IllegalArgumentException: Failed to create query for method public abstract wwf.org.staff.entity.AdditionalOrganization wwf.org.staff.repository.AdditionalOrganizationRepository.findByTenantIdAndadditionalOrganizationTypeIdAndFromTimeAndUntilTimeAndFromMonthAndUntilMonthAndValue(java.lang.Long,java.lang.Long,java.lang.Integer,java.lang.Integer,java.lang.Integer,java.lang.Integer,java.lang.Integer)! No property 'andadditionalOrganizationTypeId' found for type 'Long'! Traversed path: AdditionalOrganization.tenantId.
Caused by: org.springframework.data.mapping.PropertyReferenceException: No property 'andadditionalOrganizationTypeId' found for type 'Long'! Traversed path: AdditionalOrganization.tenantId.
</error>
    <system-out><![CDATA[18:08:28.285 [main] DEBUG org.springframework.test.context.BootstrapUtils - Instantiating CacheAwareContextLoaderDelegate from class [org.springframework.test.context.cache.DefaultCacheAwareContextLoaderDelegate]
18:08:28.546 [main] DEBUG org.springframework.test.context.BootstrapUtils - Instantiating BootstrapContext using constructor [public org.springframework.test.context.support.DefaultBootstrapContext(java.lang.Class,org.springframework.test.context.CacheAwareContextLoaderDelegate)]
18:08:28.988 [main] DEBUG org.springframework.test.context.BootstrapUtils - Instantiating TestContextBootstrapper for test class [wwf.org.staff.ServiceStaffApplicationTests] from class [org.springframework.boot.test.context.SpringBootTestContextBootstrapper]
18:08:29.355 [main] INFO org.springframework.boot.test.context.SpringBootTestContextBootstrapper - Neither @ContextConfiguration nor @ContextHierarchy found for test class [wwf.org.staff.ServiceStaffApplicationTests], using SpringBootContextLoader
18:08:29.612 [main] DEBUG org.springframework.test.context.support.AbstractContextLoader - Did not detect default resource location for test class [wwf.org.staff.ServiceStaffApplicationTests]: class path resource [wwf/org/staff/ServiceStaffApplicationTests-context.xml] does not exist
18:08:29.615 [main] DEBUG org.springframework.test.context.support.AbstractContextLoader - Did not detect default resource location for test class [wwf.org.staff.ServiceStaffApplicationTests]: class path resource [wwf/org/staff/ServiceStaffApplicationTestsContext.groovy] does not exist
18:08:29.616 [main] INFO org.springframework.test.context.support.AbstractContextLoader - Could not detect default resource locations for test class [wwf.org.staff.ServiceStaffApplicationTests]: no resource found for suffixes {-context.xml, Context.groovy}.
18:08:29.618 [main] INFO org.springframework.test.context.support.AnnotationConfigContextLoaderUtils - Could not detect default configuration classes for test class [wwf.org.staff.ServiceStaffApplicationTests]: ServiceStaffApplicationTests does not declare any static, non-private, non-final, nested classes annotated with @Configuration.
18:08:30.741 [main] DEBUG org.springframework.test.context.support.ActiveProfilesUtils - Could not find an 'annotation declaring class' for annotation type [org.springframework.test.context.ActiveProfiles] and class [wwf.org.staff.ServiceStaffApplicationTests]
18:08:31.529 [main] DEBUG org.springframework.context.annotation.ClassPathScanningCandidateComponentProvider - Identified candidate component class: file [C:\Users\Administrador.WS2012\Desktop\wwf_mundo\service-staff\target\classes\wwf\org\staff\ServiceStaffApplication.class]
18:08:31.724 [main] INFO org.springframework.boot.test.context.SpringBootTestContextBootstrapper - Found @SpringBootConfiguration wwf.org.staff.ServiceStaffApplication for test class wwf.org.staff.ServiceStaffApplicationTests
18:08:32.596 [main] DEBUG org.springframework.boot.test.context.SpringBootTestContextBootstrapper - @TestExecutionListeners is not present for class [wwf.org.staff.ServiceStaffApplicationTests]: using defaults.
18:08:32.597 [main] INFO org.springframework.boot.test.context.SpringBootTestContextBootstrapper - Loaded default TestExecutionListener class names from location [META-INF/spring.factories]: [org.springframework.boot.test.mock.mockito.MockitoTestExecutionListener, org.springframework.boot.test.mock.mockito.ResetMocksTestExecutionListener, org.springframework.boot.test.autoconfigure.restdocs.RestDocsTestExecutionListener, org.springframework.boot.test.autoconfigure.web.client.MockRestServiceServerResetTestExecutionListener, org.springframework.boot.test.autoconfigure.web.servlet.MockMvcPrintOnlyOnFailureTestExecutionListener, org.springframework.boot.test.autoconfigure.web.servlet.WebDriverTestExecutionListener, org.springframework.boot.test.autoconfigure.webservices.client.MockWebServiceServerTestExecutionListener, org.springframework.test.context.web.ServletTestExecutionListener, org.springframework.test.context.support.DirtiesContextBeforeModesTestExecutionListener, org.springframework.test.context.event.ApplicationEventsTestExecutionListener, org.springframework.test.context.support.DependencyInjectionTestExecutionListener, org.springframework.test.context.support.DirtiesContextTestExecutionListener, org.springframework.test.context.transaction.TransactionalTestExecutionListener, org.springframework.test.context.jdbc.SqlScriptsTestExecutionListener, org.springframework.test.context.event.EventPublishingTestExecutionListener]
18:08:32.833 [main] INFO org.springframework.boot.test.context.SpringBootTestContextBootstrapper - Using TestExecutionListeners: [org.springframework.test.context.web.ServletTestExecutionListener@5b6ec132, org.springframework.test.context.support.DirtiesContextBeforeModesTestExecutionListener@5c44c582, org.springframework.test.context.event.ApplicationEventsTestExecutionListener@67d18ed7, org.springframework.boot.test.mock.mockito.MockitoTestExecutionListener@2c78d320, org.springframework.boot.test.autoconfigure.SpringBootDependencyInjectionTestExecutionListener@132e0cc, org.springframework.test.context.support.DirtiesContextTestExecutionListener@7b205dbd, org.springframework.test.context.transaction.TransactionalTestExecutionListener@106cc338, org.springframework.test.context.jdbc.SqlScriptsTestExecutionListener@7a67e3c6, org.springframework.test.context.event.EventPublishingTestExecutionListener@6cc558c6, org.springframework.boot.test.mock.mockito.ResetMocksTestExecutionListener@15713d56, org.springframework.boot.test.autoconfigure.restdocs.RestDocsTestExecutionListener@63f259c3, org.springframework.boot.test.autoconfigure.web.client.MockRestServiceServerResetTestExecutionListener@26ceffa8, org.springframework.boot.test.autoconfigure.web.servlet.MockMvcPrintOnlyOnFailureTestExecutionListener@600b90df, org.springframework.boot.test.autoconfigure.web.servlet.WebDriverTestExecutionListener@7c8c9a05, org.springframework.boot.test.autoconfigure.webservices.client.MockWebServiceServerTestExecutionListener@d41f816]
18:08:32.889 [main] DEBUG org.springframework.test.context.support.AbstractDirtiesContextTestExecutionListener - Before test class: context [DefaultTestContext@ca30bc1 testClass = ServiceStaffApplicationTests, testInstance = [null], testMethod = [null], testException = [null], mergedContextConfiguration = [WebMergedContextConfiguration@1046d517 testClass = ServiceStaffApplicationTests, locations = '{}', classes = '{class wwf.org.staff.ServiceStaffApplication}', contextInitializerClasses = '[]', activeProfiles = '{}', propertySourceLocations = '{}', propertySourceProperties = '{org.springframework.boot.test.context.SpringBootTestContextBootstrapper=true}', contextCustomizers = set[org.springframework.boot.test.context.filter.ExcludeFilterContextCustomizer@4bb33f74, org.springframework.boot.test.json.DuplicateJsonObjectContextCustomizerFactory$DuplicateJsonObjectContextCustomizer@3d5c822d, org.springframework.boot.test.mock.mockito.MockitoContextCustomizer@0, org.springframework.boot.test.web.client.TestRestTemplateContextCustomizer@505fc5a4, org.springframework.boot.test.autoconfigure.actuate.metrics.MetricsExportContextCustomizerFactory$DisableMetricExportContextCustomizer@53fdffa1, org.springframework.boot.test.autoconfigure.properties.PropertyMappingContextCustomizer@0, org.springframework.boot.test.autoconfigure.web.servlet.WebDriverContextCustomizerFactory$Customizer@1e04fa0a, org.springframework.boot.test.context.SpringBootTestArgs@1, org.springframework.boot.test.context.SpringBootTestWebEnvironment@1a8a8f7c], resourceBasePath = 'src/main/webapp', contextLoader = 'org.springframework.boot.test.context.SpringBootContextLoader', parent = [null]], attributes = map['org.springframework.test.context.web.ServletTestExecutionListener.activateListener' -> true]], class annotated with @DirtiesContext [false] with mode [null].

  .   ____          _            __ _ _
 /\\ / ___'_ __ _ _(_)_ __  __ _ \ \ \ \
( ( )\___ | '_ | '_| | '_ \/ _` | \ \ \ \
 \\/  ___)| |_)| | | | | || (_| |  ) ) ) )
  '  |____| .__|_| |_|_| |_\__, | / / / /
 =========|_|==============|___/=/_/_/_/
 :: Spring Boot ::                (v2.6.7)

2022-07-14 18:08:40 - INFO Starting ServiceStaffApplicationTests using Java 17.0.3 on ISOBU with PID 3444 (started by Administrador in C:\Users\Administrador.WS2012\Desktop\wwf_mundo\service-staff)
2022-07-14 18:08:40 - INFO No active profile set, falling back to 1 default profile: "default"
2022-07-14 18:08:57 - INFO Bootstrapping Spring Data JPA repositories in DEFAULT mode.
2022-07-14 18:08:58 - INFO Finished Spring Data repository scanning in 1666 ms. Found 50 JPA repository interfaces.
2022-07-14 18:09:03 - INFO HHH000204: Processing PersistenceUnitInfo [name: default]
2022-07-14 18:09:04 - INFO HHH000412: Hibernate ORM core version 5.6.8.Final
2022-07-14 18:09:06 - INFO HCANN000001: Hibernate Commons Annotations {5.1.2.Final}
2022-07-14 18:09:08 - INFO HikariPool-1 - Starting...
2022-07-14 18:09:12 - INFO HikariPool-1 - Start completed.
2022-07-14 18:09:12 - INFO HHH000400: Using dialect: org.hibernate.dialect.MySQL5InnoDBDialect
Hibernate: create table ad_additional_organization (id bigint not null auto_increment, attribute1 integer, attribute10 datetime, attribute2 integer, attribute3 integer, attribute4 integer, attribute5 varchar(255), attribute6 varchar(255), attribute7 varchar(255), attribute8 varchar(255), attribute9 date, create_by bigint, creation_date datetime, description varchar(255), from_month integer, from_time integer, last_update_by bigint, last_update_date datetime, status varchar(255), tenant_id bigint, until_month integer, until_time integer, value integer, name varchar(255) not null, additional_organization_type_id bigint, primary key (id)) engine=InnoDB
Hibernate: create table at_attachment_types (id bigint not null auto_increment, attribute1 integer, attribute10 datetime, attribute2 integer, attribute3 integer, attribute4 integer, attribute5 varchar(255), attribute6 varchar(255), attribute7 varchar(255), attribute8 varchar(255), attribute9 date, create_by bigint, creation_date datetime, description varchar(255), last_update_by bigint, last_update_date datetime, name varchar(255) not null, status varchar(255), primary key (id)) engine=InnoDB
Hibernate: create table at_attachments (id bigint not null auto_increment, attribute1 integer, attribute10 datetime, attribute2 integer, attribute3 integer, attribute4 integer, attribute5 varchar(255), attribute6 varchar(255), attribute7 varchar(255), attribute8 varchar(255), attribute9 date, create_by bigint, creation_date datetime, ctrl_md5 varchar(32) not null, description varchar(255), last_update_by bigint, last_update_date datetime, status varchar(255), user_id bigint, attachment_type_id bigint, image_config_id bigint, primary key (id)) engine=InnoDB
Hibernate: create table at_attachments_file (id bigint not null auto_increment, attribute1 integer, attribute10 datetime, attribute2 integer, attribute3 integer, attribute4 integer, attribute5 varchar(255), attribute6 varchar(255), attribute7 varchar(255), attribute8 varchar(255), attribute9 date, create_by bigint, creation_date datetime, ctrl_md5 varchar(32) not null, description varchar(255), last_update_by bigint, last_update_date datetime, location_file varchar(255), name varchar(255), reference_id bigint, status varchar(255), submodules_id bigint, primary key (id)) engine=InnoDB
Hibernate: create table at_images_repository (id bigint not null auto_increment, create_by bigint, creation_date datetime, ctrl_md5 varchar(32) not null, image longblob, last_update_by bigint, last_update_date datetime, name varchar(255), type varchar(255), primary key (id)) engine=InnoDB
Hibernate: create table nm_notes (id bigint not null auto_increment, attribute1 integer, attribute10 datetime, attribute2 integer, attribute3 integer, attribute4 integer, attribute5 varchar(255), attribute6 varchar(255), attribute7 varchar(255), attribute8 varchar(255), attribute9 date, create_by bigint, creation_date datetime, ctrl_md5 varchar(32) not null, last_update_by bigint, last_update_date datetime, note longtext, reference_id bigint, status varchar(255), submodules_id bigint, primary key (id)) engine=InnoDB
Hibernate: create table per_permission_headers (id bigint not null auto_increment, attribute1 integer, attribute10 datetime, attribute2 integer, attribute3 integer, attribute4 integer, attribute5 varchar(255), attribute6 varchar(255), attribute7 varchar(255), attribute8 varchar(255), attribute9 date, create_by bigint, creation_date datetime, description varchar(255), last_update_by bigint, last_update_date datetime, permission varchar(255) not null, status varchar(255), tenant_id bigint, workflow_id bigint, primary key (id)) engine=InnoDB
Hibernate: create table per_permission_modules (id bigint not null auto_increment, attribute1 integer, attribute10 datetime, attribute2 integer, attribute3 integer, attribute4 integer, attribute5 varchar(255), attribute6 varchar(255), attribute7 varchar(255), attribute8 varchar(255), attribute9 date, create_by bigint, creation_date datetime, description varchar(255), last_update_by bigint, last_update_date datetime, module_id bigint not null, status varchar(255), permission_header_id bigint, primary key (id)) engine=InnoDB
Hibernate: create table per_permission_submodules (id bigint not null auto_increment, attribute1 integer, attribute10 datetime, attribute2 integer, attribute3 integer, attribute4 integer, attribute5 varchar(255), attribute6 varchar(255), attribute7 varchar(255), attribute8 varchar(255), attribute9 date, create_by bigint, creation_date datetime, description varchar(255), last_update_by bigint, last_update_date datetime, status varchar(255), submodules_id bigint, permission_module_id bigint, primary key (id)) engine=InnoDB
Hibernate: create table rp_holiday_type (id bigint not null auto_increment, attribute1 integer, attribute10 datetime, attribute2 integer, attribute3 integer, attribute4 integer, attribute5 varchar(255), attribute6 varchar(255), attribute7 varchar(255), attribute8 varchar(255), attribute9 date, create_by bigint, creation_date datetime, description varchar(255), last_update_by bigint, last_update_date datetime, name varchar(255) not null, status varchar(255), primary key (id)) engine=InnoDB
Hibernate: create table rp_holidays (id bigint not null auto_increment, attribute1 integer, attribute10 datetime, attribute2 integer, attribute3 integer, attribute4 integer, attribute5 varchar(255), attribute6 varchar(255), attribute7 varchar(255), attribute8 varchar(255), attribute9 date, calendar_id integer, create_by bigint, creation_date datetime, description varchar(255), holiday date, last_update_by bigint, last_update_date datetime, status varchar(255), holiday_type_id bigint, primary key (id)) engine=InnoDB
Hibernate: create table rp_request_permit_days (id bigint not null auto_increment, attribute1 integer, attribute10 datetime, attribute2 integer, attribute3 integer, attribute4 integer, attribute5 varchar(255), attribute6 varchar(255), attribute7 varchar(255), attribute8 varchar(255), attribute9 date, calendar_id bigint, create_by bigint, creation_date datetime, last_update_by bigint, last_update_date datetime, status varchar(255), request_permit_periods_id bigint not null, primary key (id)) engine=InnoDB
Hibernate: create table rp_request_permit_header (id bigint not null auto_increment, attribute1 integer, attribute10 datetime, attribute2 integer, attribute3 integer, attribute4 integer, attribute5 varchar(255), attribute6 varchar(255), attribute7 varchar(255), attribute8 varchar(255), attribute9 date, create_by bigint, creation_date datetime, ctrl_md5 varchar(32) not null, date_request date, flag_hours bit, last_update_workflow_steps date, last_update_by bigint, last_update_date datetime, observation varchar(255), status varchar(255), user_id bigint not null, request_type_id bigint not null, workflow_steps_id bigint not null, workflow_wip_status_id bigint not null, primary key (id)) engine=InnoDB
Hibernate: create table rp_request_permit_periods (id bigint not null auto_increment, attribute1 integer, attribute10 datetime, attribute2 integer, attribute3 integer, attribute4 integer, attribute5 varchar(255), attribute6 varchar(255), attribute7 varchar(255), attribute8 varchar(255), attribute9 date, create_by bigint, creation_date datetime, ctrl_md5 varchar(32) not null, date_from date, date_to date, hours double precision, last_update_by bigint, last_update_date datetime, midday bit, status varchar(255), total double precision, type varchar(255), request_permit_header_id bigint not null, primary key (id)) engine=InnoDB
Hibernate: create table rp_request_permit_signature (id bigint not null auto_increment, attribute1 integer, attribute10 datetime, attribute2 integer, attribute3 integer, attribute4 integer, attribute5 varchar(255), attribute6 varchar(255), attribute7 varchar(255), attribute8 varchar(255), attribute9 date, create_by bigint, creation_date datetime, ctrl_md5 varchar(32) not null, last_update_by bigint, last_update_date datetime, signature bit not null, status varchar(255), user_id bigint not null, request_permit_header_id bigint not null, workflow_steps_id bigint not null, primary key (id)) engine=InnoDB
Hibernate: create table rp_request_type (id bigint not null auto_increment, attribute1 integer, attribute10 datetime, attribute2 integer, attribute3 integer, attribute4 integer, attribute5 varchar(255), attribute6 varchar(255), attribute7 varchar(255), attribute8 varchar(255), attribute9 date, code varchar(255), create_by bigint, creation_date datetime, description varchar(255), last_update_by bigint, last_update_date datetime, name varchar(255) not null, orden integer not null, status varchar(255), primary key (id)) engine=InnoDB
Hibernate: create table st_address_types (id bigint not null auto_increment, attribute1 integer, attribute10 datetime, attribute2 integer, attribute3 integer, attribute4 integer, attribute5 varchar(255), attribute6 varchar(255), attribute7 varchar(255), attribute8 varchar(255), attribute9 date, create_by bigint, creation_date datetime, description varchar(255), last_update_by bigint, last_update_date datetime, name varchar(255) not null, status varchar(255), primary key (id)) engine=InnoDB
Hibernate: create table st_addresses (id bigint not null auto_increment, attribute1 integer, attribute10 datetime, attribute2 integer, attribute3 integer, attribute4 integer, attribute5 varchar(255), attribute6 varchar(255), attribute7 varchar(255), attribute8 varchar(255), attribute9 date, between_street varchar(255), building varchar(255), create_by bigint, creation_date datetime, ctrl_md5 varchar(32) not null, department varchar(255), floor varchar(255), last_update_by bigint, last_update_date datetime, latitude varchar(255), longitude varchar(255), neighborhood varchar(255), number varchar(255), observation varchar(255), postal_code varchar(255), status varchar(255), street varchar(255), tower varchar(255), user_id bigint, address_type_id bigint, territorial_org_first_id bigint, territorial_org_five_id bigint, territorial_org_four_id bigint, territorial_org_three_id bigint, territorial_org_two_id bigint, primary key (id)) engine=InnoDB
Hibernate: create table st_blood_types (id bigint not null auto_increment, attribute1 integer, attribute10 datetime, attribute2 integer, attribute3 integer, attribute4 integer, attribute5 varchar(255), attribute6 varchar(255), attribute7 varchar(255), attribute8 varchar(255), attribute9 date, create_by bigint, creation_date datetime, description varchar(255), last_update_by bigint, last_update_date datetime, name varchar(255) not null, status varchar(255), primary key (id)) engine=InnoDB
Hibernate: create table st_contact_types (id bigint not null auto_increment, attribute1 integer, attribute10 datetime, attribute2 integer, attribute3 integer, attribute4 integer, attribute5 varchar(255), attribute6 varchar(255), attribute7 varchar(255), attribute8 varchar(255), attribute9 date, create_by bigint, creation_date datetime, description varchar(255), last_update_by bigint, last_update_date datetime, name varchar(255) not null, status varchar(255), primary key (id)) engine=InnoDB
Hibernate: create table st_contacts (id bigint not null auto_increment, attribute1 integer, attribute10 datetime, attribute2 integer, attribute3 integer, attribute4 integer, attribute5 varchar(255), attribute6 varchar(255), attribute7 varchar(255), attribute8 varchar(255), attribute9 date, create_by bigint, creation_date datetime, ctrl_md5 varchar(32) not null, description varchar(255), last_update_by bigint, last_update_date datetime, status varchar(255), user_id bigint, value varchar(255), contact_type_id bigint, primary key (id)) engine=InnoDB
Hibernate: create table st_document_types (id bigint not null auto_increment, attribute1 integer, attribute10 datetime, attribute2 integer, attribute3 integer, attribute4 integer, attribute5 varchar(255), attribute6 varchar(255), attribute7 varchar(255), attribute8 varchar(255), attribute9 date, create_by bigint, creation_date datetime, description varchar(255), last_update_by bigint, last_update_date datetime, name varchar(255) not null, status varchar(255), primary key (id)) engine=InnoDB
Hibernate: create table st_documents (id bigint not null auto_increment, attribute1 integer, attribute10 datetime, attribute2 integer, attribute3 integer, attribute4 integer, attribute5 varchar(255), attribute6 varchar(255), attribute7 varchar(255), attribute8 varchar(255), attribute9 date, create_by bigint, creation_date datetime, description varchar(255), document varchar(255) not null, expiration_date date, last_update_by bigint, last_update_date datetime, status varchar(255), user_id bigint, document_type_id bigint not null, primary key (id)) engine=InnoDB
Hibernate: create table st_familys (id bigint not null auto_increment, attribute1 integer, attribute10 datetime, attribute2 integer, attribute3 integer, attribute4 integer, attribute5 varchar(255), attribute6 varchar(255), attribute7 varchar(255), attribute8 varchar(255), attribute9 date, birth_date date, create_by bigint, creation_date datetime, ctrl_md5 varchar(32) not null, description varchar(255), last_update_by bigint, last_update_date datetime, name varchar(255) not null, status varchar(255), user_id bigint, relationship_id bigint, primary key (id)) engine=InnoDB
Hibernate: create table st_job_settings (id bigint not null auto_increment, attribute1 integer, attribute10 datetime, attribute2 integer, attribute3 integer, attribute4 integer, attribute5 varchar(255), attribute6 varchar(255), attribute7 varchar(255), attribute8 varchar(255), attribute9 date, code varchar(255) not null, create_by bigint, creation_date datetime, employment_end_date date, employment_start_date date, flexible bit, last_update_by bigint, last_update_date datetime, observation varchar(255), status varchar(255), user_id bigint, user_id_supervisor bigint, workload integer, job_tittle_id bigint, permission_header_id bigint, primary key (id)) engine=InnoDB
Hibernate: create table st_job_titles (id bigint not null auto_increment, attribute1 integer, attribute10 datetime, attribute2 integer, attribute3 integer, attribute4 integer, attribute5 varchar(255), attribute6 varchar(255), attribute7 varchar(255), attribute8 varchar(255), attribute9 date, create_by bigint, creation_date datetime, description varchar(255), last_update_by bigint, last_update_date datetime, name varchar(255) not null, status varchar(255), primary key (id)) engine=InnoDB
Hibernate: create table st_marital_status (id bigint not null auto_increment, attribute1 integer, attribute10 datetime, attribute2 integer, attribute3 integer, attribute4 integer, attribute5 varchar(255), attribute6 varchar(255), attribute7 varchar(255), attribute8 varchar(255), attribute9 date, create_by bigint, creation_date datetime, description varchar(255), last_update_by bigint, last_update_date datetime, name varchar(255) not null, status varchar(255), primary key (id)) engine=InnoDB
Hibernate: create table st_other_information_types (id bigint not null auto_increment, attribute1 integer, attribute10 datetime, attribute2 integer, attribute3 integer, attribute4 integer, attribute5 varchar(255), attribute6 varchar(255), attribute7 varchar(255), attribute8 varchar(255), attribute9 date, create_by bigint, creation_date datetime, description varchar(255), last_update_by bigint, last_update_date datetime, name varchar(255) not null, status varchar(255), primary key (id)) engine=InnoDB
Hibernate: create table st_other_informations (id bigint not null auto_increment, attribute1 integer, attribute10 datetime, attribute2 integer, attribute3 integer, attribute4 integer, attribute5 varchar(255), attribute6 varchar(255), attribute7 varchar(255), attribute8 varchar(255), attribute9 date, create_by bigint, creation_date datetime, ctrl_md5 varchar(32) not null, description1 varchar(255), description2 varchar(255), last_update_by bigint, last_update_date datetime, status varchar(255), user_id bigint, other_information_type_id bigint not null, primary key (id)) engine=InnoDB
Hibernate: create table st_personal_informations (id bigint not null auto_increment, attribute1 integer, attribute10 datetime, attribute2 integer, attribute3 integer, attribute4 integer, attribute5 varchar(255), attribute6 varchar(255), attribute7 varchar(255), attribute8 varchar(255), attribute9 date, birth_date date, country_id bigint, create_by bigint, creation_date datetime, last_update_by bigint, last_update_date datetime, names varchar(255), status varchar(255), surname_married varchar(255), surname_maternal varchar(255), surname_paternal varchar(255), user_id bigint not null, blood_type_id bigint not null, civil_status_id bigint not null, primary key (id)) engine=InnoDB
Hibernate: create table st_profession_types (id bigint not null auto_increment, attribute1 integer, attribute10 datetime, attribute2 integer, attribute3 integer, attribute4 integer, attribute5 varchar(255), attribute6 varchar(255), attribute7 varchar(255), attribute8 varchar(255), attribute9 date, create_by bigint, creation_date datetime, description varchar(255), last_update_by bigint, last_update_date datetime, name varchar(255) not null, status varchar(255), primary key (id)) engine=InnoDB
Hibernate: create table st_professions (id bigint not null auto_increment, attribute1 integer, attribute10 datetime, attribute2 integer, attribute3 integer, attribute4 integer, attribute5 varchar(255), attribute6 varchar(255), attribute7 varchar(255), attribute8 varchar(255), attribute9 date, create_by bigint, creation_date datetime, description varchar(255), last_update_by bigint, last_update_date datetime, name varchar(255) not null, status varchar(255), user_id bigint, profession_type_id bigint, primary key (id)) engine=InnoDB
Hibernate: create table st_relationships (id bigint not null auto_increment, attribute1 integer, attribute10 datetime, attribute2 integer, attribute3 integer, attribute4 integer, attribute5 varchar(255), attribute6 varchar(255), attribute7 varchar(255), attribute8 varchar(255), attribute9 date, create_by bigint, creation_date datetime, description varchar(255), last_update_by bigint, last_update_date datetime, name varchar(255) not null, status varchar(255), primary key (id)) engine=InnoDB
Hibernate: create table to_territorial_org_config (id bigint not null auto_increment, attribute1 integer, attribute10 datetime, attribute2 integer, attribute3 integer, attribute4 integer, attribute5 varchar(255), attribute6 varchar(255), attribute7 varchar(255), attribute8 varchar(255), attribute9 date, country_id bigint, create_by bigint, creation_date datetime, last_update_by bigint, last_update_date datetime, name varchar(255) not null, status varchar(255), primary key (id)) engine=InnoDB
Hibernate: create table to_territorial_org_first (id bigint not null auto_increment, attribute1 integer, attribute10 datetime, attribute2 integer, attribute3 integer, attribute4 integer, attribute5 varchar(255), attribute6 varchar(255), attribute7 varchar(255), attribute8 varchar(255), attribute9 date, create_by bigint, creation_date datetime, last_update_by bigint, last_update_date datetime, name varchar(255) not null, status varchar(255), territorial_org_config_id bigint, primary key (id)) engine=InnoDB
Hibernate: create table to_territorial_org_five (id bigint not null auto_increment, attribute1 integer, attribute10 datetime, attribute2 integer, attribute3 integer, attribute4 integer, attribute5 varchar(255), attribute6 varchar(255), attribute7 varchar(255), attribute8 varchar(255), attribute9 date, create_by bigint, creation_date datetime, last_update_by bigint, last_update_date datetime, name varchar(255) not null, status varchar(255), territorial_org_config_id bigint, territorial_org_four_id bigint, primary key (id)) engine=InnoDB
Hibernate: create table to_territorial_org_four (id bigint not null auto_increment, attribute1 integer, attribute10 datetime, attribute2 integer, attribute3 integer, attribute4 integer, attribute5 varchar(255), attribute6 varchar(255), attribute7 varchar(255), attribute8 varchar(255), attribute9 date, create_by bigint, creation_date datetime, last_update_by bigint, last_update_date datetime, name varchar(255) not null, status varchar(255), territorial_org_config_id bigint, territorial_org_three_id bigint not null, primary key (id)) engine=InnoDB
Hibernate: create table to_territorial_org_three (id bigint not null auto_increment, attribute1 integer, attribute10 datetime, attribute2 integer, attribute3 integer, attribute4 integer, attribute5 varchar(255), attribute6 varchar(255), attribute7 varchar(255), attribute8 varchar(255), attribute9 date, create_by bigint, creation_date datetime, last_update_by bigint, last_update_date datetime, name varchar(255) not null, status varchar(255), territorial_org_config_id bigint, territorial_org_two_id bigint, primary key (id)) engine=InnoDB
Hibernate: create table to_territorial_org_two (id bigint not null auto_increment, attribute1 integer, attribute10 datetime, attribute2 integer, attribute3 integer, attribute4 integer, attribute5 varchar(255), attribute6 varchar(255), attribute7 varchar(255), attribute8 varchar(255), attribute9 date, create_by bigint, creation_date datetime, last_update_by bigint, last_update_date datetime, name varchar(255) not null, status varchar(255), territorial_org_config_id bigint, territorial_org_first_id bigint, primary key (id)) engine=InnoDB
Hibernate: create table ts_funding_source (id bigint not null auto_increment, attribute1 integer, attribute10 datetime, attribute2 integer, attribute3 integer, attribute4 integer, attribute5 varchar(255), attribute6 varchar(255), attribute7 varchar(255), attribute8 varchar(255), attribute9 date, contract_end_date date, contract_start_date date, create_by bigint, creation_date datetime, description varchar(255), last_update_by bigint, last_update_date datetime, name varchar(255) not null, number_funding_source varchar(255) not null, status varchar(255), user_manager bigint, primary key (id)) engine=InnoDB
Hibernate: create table ts_projects (id bigint not null auto_increment, attribute1 integer, attribute10 datetime, attribute2 integer, attribute3 integer, attribute4 integer, attribute5 varchar(255), attribute6 varchar(255), attribute7 varchar(255), attribute8 varchar(255), attribute9 date, contract_end_date date, contract_start_date date, create_by bigint, creation_date datetime, description varchar(255), last_update_by bigint, last_update_date datetime, name varchar(255) not null, name_short varchar(255) not null, number_project varchar(255) not null, status varchar(255), user_manager bigint, funding_source_id bigint not null, primary key (id)) engine=InnoDB
Hibernate: create table ts_projects_sheets (id bigint not null auto_increment, attribute1 integer, attribute10 datetime, attribute2 integer, attribute3 integer, attribute4 integer, attribute5 varchar(255), attribute6 varchar(255), attribute7 varchar(255), attribute8 varchar(255), attribute9 date, available_hours integer not null, budget_hours integer not null, create_by bigint, creation_date datetime, description varchar(255), fiscal_year integer not null, last_update_by bigint, last_update_date datetime, month_fiscal_year integer not null, status varchar(255), timesheet_version_id bigint, used_hours integer not null, user_id bigint not null, projects_id bigint not null, timesheet_cycle_id bigint, primary key (id)) engine=InnoDB
Hibernate: create table ts_timesheet_cycle (id bigint not null auto_increment, attribute1 integer, attribute10 datetime, attribute2 integer, attribute3 integer, attribute4 integer, attribute5 varchar(255), attribute6 varchar(255), attribute7 varchar(255), attribute8 varchar(255), attribute9 date, create_by bigint, creation_date datetime, description varchar(255), fiscal_year integer not null, last_update_by bigint, last_update_date datetime, month_fiscal_year integer not null, on_going integer not null, status varchar(255), primary key (id)) engine=InnoDB
Hibernate: create table ts_timesheet_detail (id bigint not null auto_increment, attribute1 integer, attribute10 datetime, attribute2 integer, attribute3 integer, attribute4 integer, attribute5 varchar(255), attribute6 varchar(255), attribute7 varchar(255), attribute8 varchar(255), attribute9 date, create_by bigint, creation_date datetime, ctrl_md5 varchar(32) not null, last_update_by bigint, last_update_date datetime, status varchar(255), projects_sheets_id bigint not null, request_type_id bigint not null, timesheet_header_id bigint not null, primary key (id)) engine=InnoDB
Hibernate: create table ts_timesheet_header (id bigint not null auto_increment, attribute1 integer, attribute10 datetime, attribute2 integer, attribute3 integer, attribute4 integer, attribute5 varchar(255), attribute6 varchar(255), attribute7 varchar(255), attribute8 varchar(255), attribute9 date, create_by bigint, creation_date datetime, ctrl_md5 varchar(32) not null, last_update_workflow_steps date, last_update_by bigint, last_update_date datetime, observation varchar(255), status varchar(255), timesheet_status_id bigint, user_id bigint not null, timesheet_cycle_id bigint not null, workflow_steps_id bigint not null, workflow_wip_status_id bigint not null, primary key (id)) engine=InnoDB
Hibernate: create table ts_timesheet_lines (id bigint not null auto_increment, attribute1 integer, attribute10 datetime, attribute2 integer, attribute3 integer, attribute4 integer, attribute5 varchar(255), attribute6 varchar(255), attribute7 varchar(255), attribute8 varchar(255), attribute9 date, calendar_id integer not null, create_by bigint, creation_date datetime, ctrl_md5 varchar(32) not null, last_update_by bigint, last_update_date datetime, status varchar(255), worked_hours bigint not null, timesheet_details_id bigint not null, primary key (id)) engine=InnoDB
Hibernate: create table ts_timesheet_signature (id bigint not null auto_increment, attribute1 integer, attribute10 datetime, attribute2 integer, attribute3 integer, attribute4 integer, attribute5 varchar(255), attribute6 varchar(255), attribute7 varchar(255), attribute8 varchar(255), attribute9 date, create_by bigint, creation_date datetime, ctrl_md5 varchar(32) not null, last_update_by bigint, last_update_date datetime, signature bit not null, status varchar(255), user_id bigint not null, timesheet_header_id bigint not null, workflow_steps_id bigint not null, primary key (id)) engine=InnoDB
Hibernate: create table wf_workflow_steps (id bigint not null auto_increment, attribute1 integer, attribute10 datetime, attribute2 integer, attribute3 integer, attribute4 integer, attribute5 varchar(255), attribute6 varchar(255), attribute7 varchar(255), attribute8 varchar(255), attribute9 date, create_by bigint, creation_date datetime, description varchar(255), last_update_by bigint, last_update_date datetime, name_step varchar(255) not null, next_workflow_state_id bigint not null, rejection_workflow_state_id bigint not null, send_email bigint not null, status varchar(255), step integer not null, workflow_id bigint not null, workflow_state_id bigint not null, primary key (id)) engine=InnoDB
Hibernate: create table wf_workflow_wip_status (id bigint not null auto_increment, attribute1 integer, attribute10 datetime, attribute2 integer, attribute3 integer, attribute4 integer, attribute5 varchar(255), attribute6 varchar(255), attribute7 varchar(255), attribute8 varchar(255), attribute9 date, create_by bigint, creation_date datetime, description varchar(255), last_update_by bigint, last_update_date datetime, name varchar(255) not null, status varchar(255), primary key (id)) engine=InnoDB
Hibernate: alter table ad_additional_organization drop index UKfbg99mhruccopby82qrgbiyfx
Hibernate: alter table ad_additional_organization add constraint UKfbg99mhruccopby82qrgbiyfx unique (tenant_id, additional_organization_type_id, from_time, until_time, from_month, until_month, value)
Hibernate: alter table ad_additional_organization drop index UK_s3utibyyl1ydhq33m96oqe67d
Hibernate: alter table ad_additional_organization add constraint UK_s3utibyyl1ydhq33m96oqe67d unique (name)
Hibernate: alter table at_attachment_types drop index UK_lovxvmyyk6i7q9x14f7xrk5kq
Hibernate: alter table at_attachment_types add constraint UK_lovxvmyyk6i7q9x14f7xrk5kq unique (name)
Hibernate: alter table at_attachments drop index UK_j1nsrgglakr0vugedivbygcxo
Hibernate: alter table at_attachments add constraint UK_j1nsrgglakr0vugedivbygcxo unique (ctrl_md5)
Hibernate: alter table at_attachments_file drop index UK_rcxudxyu9l0k6b69nk23nriwc
Hibernate: alter table at_attachments_file add constraint UK_rcxudxyu9l0k6b69nk23nriwc unique (ctrl_md5)
Hibernate: alter table at_images_repository drop index UK_12qe2a7qgm6svp8be2br4adc1
Hibernate: alter table at_images_repository add constraint UK_12qe2a7qgm6svp8be2br4adc1 unique (ctrl_md5)
Hibernate: alter table nm_notes drop index UK_3ko10p5wh1l7slx62cxic9vjc
Hibernate: alter table nm_notes add constraint UK_3ko10p5wh1l7slx62cxic9vjc unique (ctrl_md5)
Hibernate: alter table per_permission_headers drop index UKg9vf7pqy4m3vrqgrc8nmlwipw
Hibernate: alter table per_permission_headers add constraint UKg9vf7pqy4m3vrqgrc8nmlwipw unique (workflow_id, permission)
Hibernate: alter table per_permission_modules drop index UKotuaj2x2mmgw395kspcf2lx69
Hibernate: alter table per_permission_modules add constraint UKotuaj2x2mmgw395kspcf2lx69 unique (permission_header_id, module_id)
Hibernate: alter table per_permission_submodules drop index UKcjper3y2jd0i0pn8sxiqrq2ev
Hibernate: alter table per_permission_submodules add constraint UKcjper3y2jd0i0pn8sxiqrq2ev unique (permission_module_id, submodules_id)
Hibernate: alter table rp_holiday_type drop index UK_9sapun7cxucvgj6n5ibj8u1ve
Hibernate: alter table rp_holiday_type add constraint UK_9sapun7cxucvgj6n5ibj8u1ve unique (name)
Hibernate: alter table rp_holidays drop index UK243n6o9xnfnr4ckhylfkigde1
Hibernate: alter table rp_holidays add constraint UK243n6o9xnfnr4ckhylfkigde1 unique (holiday_type_id, holiday)
Hibernate: alter table rp_request_permit_days drop index UK8xbo7o3lxkejf7uyj30k6f3g1
Hibernate: alter table rp_request_permit_days add constraint UK8xbo7o3lxkejf7uyj30k6f3g1 unique (request_permit_periods_id, calendar_id)
Hibernate: alter table rp_request_permit_header drop index UK_eg39862lai8379dsl9qgodvsp
Hibernate: alter table rp_request_permit_header add constraint UK_eg39862lai8379dsl9qgodvsp unique (ctrl_md5)
Hibernate: alter table rp_request_permit_periods drop index UK_gm65ksppx1wmh8ce0nk0o7xal
Hibernate: alter table rp_request_permit_periods add constraint UK_gm65ksppx1wmh8ce0nk0o7xal unique (ctrl_md5)
Hibernate: alter table rp_request_permit_signature drop index UK_abhkrd5vq4e0corwnugxhfkdb
Hibernate: alter table rp_request_permit_signature add constraint UK_abhkrd5vq4e0corwnugxhfkdb unique (ctrl_md5)
Hibernate: alter table rp_request_type drop index UK_gfgslvjyw442wfn419m4gwhsg
Hibernate: alter table rp_request_type add constraint UK_gfgslvjyw442wfn419m4gwhsg unique (name)
Hibernate: alter table st_address_types drop index UK_6p8uji6f2uyl7o5m10ftq4yhf
Hibernate: alter table st_address_types add constraint UK_6p8uji6f2uyl7o5m10ftq4yhf unique (name)
Hibernate: alter table st_addresses drop index UK_h96r7kwty944w48ywcdf2jt64
Hibernate: alter table st_addresses add constraint UK_h96r7kwty944w48ywcdf2jt64 unique (ctrl_md5)
Hibernate: alter table st_blood_types drop index UK_fa1tmgjtl7d8t4m6put2ro91c
Hibernate: alter table st_blood_types add constraint UK_fa1tmgjtl7d8t4m6put2ro91c unique (name)
Hibernate: alter table st_contact_types drop index UK_q44l8b050j70jugbvyfrpr36t
Hibernate: alter table st_contact_types add constraint UK_q44l8b050j70jugbvyfrpr36t unique (name)
Hibernate: alter table st_contacts drop index UK_rewmkdv56wr8ge0qaa6a8ruj8
Hibernate: alter table st_contacts add constraint UK_rewmkdv56wr8ge0qaa6a8ruj8 unique (ctrl_md5)
Hibernate: alter table st_document_types drop index UK_33jb3ophes6wcmnmdj9vua9kk
Hibernate: alter table st_document_types add constraint UK_33jb3ophes6wcmnmdj9vua9kk unique (name)
Hibernate: alter table st_documents drop index UK_3q9vnni3wk6fx6ltkb7u7e370
Hibernate: alter table st_documents add constraint UK_3q9vnni3wk6fx6ltkb7u7e370 unique (document)
Hibernate: alter table st_familys drop index UK_74gnty0lat3vvjahx14vb3ce7
Hibernate: alter table st_familys add constraint UK_74gnty0lat3vvjahx14vb3ce7 unique (ctrl_md5)
Hibernate: alter table st_job_settings drop index UK_9tx3yeicdj06aw8mndcgyyixd
Hibernate: alter table st_job_settings add constraint UK_9tx3yeicdj06aw8mndcgyyixd unique (code)
Hibernate: alter table st_job_titles drop index UK_l2log92yu406htxipnxoxqyvd
Hibernate: alter table st_job_titles add constraint UK_l2log92yu406htxipnxoxqyvd unique (name)
Hibernate: alter table st_marital_status drop index UK_sxr11va2eqn83hlck3qtis5wo
Hibernate: alter table st_marital_status add constraint UK_sxr11va2eqn83hlck3qtis5wo unique (name)
Hibernate: alter table st_other_information_types drop index UK_a4v3sl5ghi0b99osrso4qndkr
Hibernate: alter table st_other_information_types add constraint UK_a4v3sl5ghi0b99osrso4qndkr unique (name)
Hibernate: alter table st_other_informations drop index UK_9h94fh51a9q0eg5uev2t9aeh6
Hibernate: alter table st_other_informations add constraint UK_9h94fh51a9q0eg5uev2t9aeh6 unique (ctrl_md5)
Hibernate: alter table st_personal_informations drop index UK_i118yp79ebxa6xy0f7bvnboia
Hibernate: alter table st_personal_informations add constraint UK_i118yp79ebxa6xy0f7bvnboia unique (user_id)
Hibernate: alter table st_profession_types drop index UK_8wkne81h3m4qct0ugdl7xgb2a
Hibernate: alter table st_profession_types add constraint UK_8wkne81h3m4qct0ugdl7xgb2a unique (name)
Hibernate: alter table st_professions drop index UK_m0r7xgegomunng02aitru8lu7
Hibernate: alter table st_professions add constraint UK_m0r7xgegomunng02aitru8lu7 unique (name)
Hibernate: alter table st_relationships drop index UK_6sl7lua25godpxu2kpsa9aujj
Hibernate: alter table st_relationships add constraint UK_6sl7lua25godpxu2kpsa9aujj unique (name)
Hibernate: alter table to_territorial_org_config drop index UK_mp32jf4oacihhcnlmxf4lq6r5
Hibernate: alter table to_territorial_org_config add constraint UK_mp32jf4oacihhcnlmxf4lq6r5 unique (name)
Hibernate: alter table to_territorial_org_first drop index UKgb26tdh9pntfq0ykpkg22v9bl
Hibernate: alter table to_territorial_org_first add constraint UKgb26tdh9pntfq0ykpkg22v9bl unique (territorial_org_config_id, name)
Hibernate: alter table to_territorial_org_five drop index UK3bdy7ef80juvvigv9mnokajsf
Hibernate: alter table to_territorial_org_five add constraint UK3bdy7ef80juvvigv9mnokajsf unique (territorial_org_four_id, name)
Hibernate: alter table to_territorial_org_four drop index UK4r2d9felr1t6rk0kd793f1nmv
Hibernate: alter table to_territorial_org_four add constraint UK4r2d9felr1t6rk0kd793f1nmv unique (territorial_org_three_id, name)
Hibernate: alter table to_territorial_org_three drop index UK2pxf3twydkdjax8t0wmjx1br
Hibernate: alter table to_territorial_org_three add constraint UK2pxf3twydkdjax8t0wmjx1br unique (territorial_org_two_id, name)
Hibernate: alter table to_territorial_org_two drop index UK25j5vbivpngx3fu6k3r2wq9uu
Hibernate: alter table to_territorial_org_two add constraint UK25j5vbivpngx3fu6k3r2wq9uu unique (territorial_org_first_id, name)
Hibernate: alter table ts_funding_source drop index UK_4rj27b4uq5ki12h0flfvtnuti
Hibernate: alter table ts_funding_source add constraint UK_4rj27b4uq5ki12h0flfvtnuti unique (number_funding_source)
Hibernate: alter table ts_projects drop index UKmc3luervgpu9jlpbqkxc314kc
Hibernate: alter table ts_projects add constraint UKmc3luervgpu9jlpbqkxc314kc unique (funding_source_id, number_project)
Hibernate: alter table ts_projects_sheets drop index UKyhmr5nal8pxidw4p1xxbgtog
Hibernate: alter table ts_projects_sheets add constraint UKyhmr5nal8pxidw4p1xxbgtog unique (fiscal_year, month_fiscal_year, user_id, projects_id)
Hibernate: alter table ts_timesheet_cycle drop index UK71gmyqsof2s480u5mumpeu9m4
Hibernate: alter table ts_timesheet_cycle add constraint UK71gmyqsof2s480u5mumpeu9m4 unique (fiscal_year, month_fiscal_year)
Hibernate: alter table ts_timesheet_detail drop index UK_5hm3g2focdhn4bu3hnmuycsvf
Hibernate: alter table ts_timesheet_detail add constraint UK_5hm3g2focdhn4bu3hnmuycsvf unique (ctrl_md5)
Hibernate: alter table ts_timesheet_header drop index UK_s2xkdafpkc3h07ip2rqrd1gd9
Hibernate: alter table ts_timesheet_header add constraint UK_s2xkdafpkc3h07ip2rqrd1gd9 unique (ctrl_md5)
Hibernate: alter table ts_timesheet_lines drop index UK_9sqvkl7t0ylicxao4hri3slrv
Hibernate: alter table ts_timesheet_lines add constraint UK_9sqvkl7t0ylicxao4hri3slrv unique (ctrl_md5)
Hibernate: alter table ts_timesheet_signature drop index UK_jjm8ohp6qufwovgodwbgwu8v6
Hibernate: alter table ts_timesheet_signature add constraint UK_jjm8ohp6qufwovgodwbgwu8v6 unique (ctrl_md5)
Hibernate: alter table wf_workflow_steps drop index UK6gbio9lgrfb69m23p2qodktmx
Hibernate: alter table wf_workflow_steps add constraint UK6gbio9lgrfb69m23p2qodktmx unique (workflow_id, step, workflow_state_id)
Hibernate: alter table wf_workflow_wip_status drop index UK_1k4jo2eymtdxbxd0j9jbwb14e
Hibernate: alter table wf_workflow_wip_status add constraint UK_1k4jo2eymtdxbxd0j9jbwb14e unique (name)
Hibernate: alter table ad_additional_organization add constraint FKowyk6hbh3gh38tgl5jajsm3ta foreign key (additional_organization_type_id) references ad_additional_organization (id)
Hibernate: alter table at_attachments add constraint FK8ea5cs1qck2qhed26lvfrkh2j foreign key (attachment_type_id) references at_attachment_types (id)
Hibernate: alter table at_attachments add constraint FKaqdev6lveq6m74ap5dgs6br54 foreign key (image_config_id) references at_images_repository (id) on delete cascade
Hibernate: alter table per_permission_modules add constraint FKqw3smhqewahvu4ja297ve2ext foreign key (permission_header_id) references per_permission_headers (id) on delete cascade
Hibernate: alter table per_permission_submodules add constraint FKime8r4tjd4mdjbqr1wtgv8w2h foreign key (permission_module_id) references per_permission_modules (id) on delete cascade
Hibernate: alter table rp_holidays add constraint FK25p9rbjsa6osv3aosc0l26665 foreign key (holiday_type_id) references rp_holiday_type (id)
Hibernate: alter table rp_request_permit_days add constraint FK7m7peeaahvkinwh76bni7wyx6 foreign key (request_permit_periods_id) references rp_request_permit_periods (id) on delete cascade
Hibernate: alter table rp_request_permit_header add constraint FKffmc2otafyt8rm76cwa6wgnt1 foreign key (request_type_id) references rp_request_type (id)
Hibernate: alter table rp_request_permit_header add constraint FK8ik6lgwcytnycul7vokg5930 foreign key (workflow_steps_id) references wf_workflow_steps (id)
Hibernate: alter table rp_request_permit_header add constraint FKor1arlylep9iqdvxmddl71f4 foreign key (workflow_wip_status_id) references wf_workflow_wip_status (id)
Hibernate: alter table rp_request_permit_periods add constraint FKe89uj5ojo4iu1h458yc5n5xtt foreign key (request_permit_header_id) references rp_request_permit_header (id) on delete cascade
Hibernate: alter table rp_request_permit_signature add constraint FKmdcpd3msmnoqsnh3f4t7w9bft foreign key (request_permit_header_id) references rp_request_permit_header (id) on delete cascade
Hibernate: alter table rp_request_permit_signature add constraint FK1rkwsode25r9arx8mwq8790jo foreign key (workflow_steps_id) references wf_workflow_steps (id)
Hibernate: alter table st_addresses add constraint FK753t3b6o306vr3chsqabomdsj foreign key (address_type_id) references st_address_types (id)
Hibernate: alter table st_addresses add constraint FKk5de9clflcji6c58s61fvry3q foreign key (territorial_org_first_id) references to_territorial_org_first (id)
Hibernate: alter table st_addresses add constraint FK9veeji9g3u3xos81np26hcfxu foreign key (territorial_org_five_id) references to_territorial_org_five (id)
Hibernate: alter table st_addresses add constraint FKm24su0jcr07s1wihrp87k559r foreign key (territorial_org_four_id) references to_territorial_org_four (id)
Hibernate: alter table st_addresses add constraint FK49opkum7d6jhaudb9e7mftjlc foreign key (territorial_org_three_id) references to_territorial_org_three (id)
Hibernate: alter table st_addresses add constraint FK103r2hjwfn7wx36e4iuutgof0 foreign key (territorial_org_two_id) references to_territorial_org_two (id)
Hibernate: alter table st_contacts add constraint FK3mn31y518r0636san6q484w7 foreign key (contact_type_id) references st_contact_types (id)
Hibernate: alter table st_documents add constraint FK9r6k0sv80vna3wtdhqhad2lms foreign key (document_type_id) references st_document_types (id)
Hibernate: alter table st_familys add constraint FKo37uokgs8bpty84qm6nmkj7oh foreign key (relationship_id) references st_relationships (id)
Hibernate: alter table st_job_settings add constraint FKoj264rgva1acrt4cdi6jyr7gu foreign key (job_tittle_id) references st_job_titles (id)
Hibernate: alter table st_job_settings add constraint FK73xd78s310onymljqdv55fn4v foreign key (permission_header_id) references per_permission_headers (id)
Hibernate: alter table st_other_informations add constraint FKdgk7pp6gi4b6p99ddp30trlrx foreign key (other_information_type_id) references st_other_information_types (id)
Hibernate: alter table st_personal_informations add constraint FKfwti9y0ra45huoj5lcg47ip7b foreign key (blood_type_id) references st_blood_types (id)
Hibernate: alter table st_personal_informations add constraint FK6x2m6p4yov9g1g3oro2tr8ohr foreign key (civil_status_id) references st_marital_status (id)
Hibernate: alter table st_professions add constraint FKpj2hrqmuxpbn3q5edf4d66wrp foreign key (profession_type_id) references st_profession_types (id)
Hibernate: alter table to_territorial_org_first add constraint FK2m1d7iqfjvibsr7v1rb9s1f5k foreign key (territorial_org_config_id) references to_territorial_org_config (id) on delete cascade
Hibernate: alter table to_territorial_org_five add constraint FK9cv6rac47ikf0saokyea5i651 foreign key (territorial_org_config_id) references to_territorial_org_config (id) on delete cascade
Hibernate: alter table to_territorial_org_five add constraint FKoqsk5yqnlruqpdstrtgo6s5tq foreign key (territorial_org_four_id) references to_territorial_org_four (id) on delete cascade
Hibernate: alter table to_territorial_org_four add constraint FK9062x3ncy3xinj74hhrvl6902 foreign key (territorial_org_config_id) references to_territorial_org_config (id) on delete cascade
Hibernate: alter table to_territorial_org_four add constraint FKy5qr13yj5758rtssqk8fc5yr foreign key (territorial_org_three_id) references to_territorial_org_three (id) on delete cascade
Hibernate: alter table to_territorial_org_three add constraint FK6g7oeoc4dxb637tq5866db7ac foreign key (territorial_org_config_id) references to_territorial_org_config (id) on delete cascade
Hibernate: alter table to_territorial_org_three add constraint FKvjidnl7nrhkjx6h4gkahu957 foreign key (territorial_org_two_id) references to_territorial_org_two (id) on delete cascade
Hibernate: alter table to_territorial_org_two add constraint FK3ocdgjpxkm03af5gf6iy427sw foreign key (territorial_org_config_id) references to_territorial_org_config (id) on delete cascade
Hibernate: alter table to_territorial_org_two add constraint FKkwbxif3mmyvm5frcwnjm7jx0m foreign key (territorial_org_first_id) references to_territorial_org_first (id) on delete cascade
Hibernate: alter table ts_projects add constraint FKayke8jpayovf4xp2jqxahb261 foreign key (funding_source_id) references ts_funding_source (id) on delete cascade
Hibernate: alter table ts_projects_sheets add constraint FKgmr8f1ry2e5t8klplj58asjqm foreign key (projects_id) references ts_projects (id)
Hibernate: alter table ts_projects_sheets add constraint FK5yinrw5ecumtgh5eufolq6fms foreign key (timesheet_cycle_id) references ts_timesheet_cycle (id)
Hibernate: alter table ts_timesheet_detail add constraint FKetdpyllumcrojrgad4w4a6q2p foreign key (projects_sheets_id) references ts_projects_sheets (id)
Hibernate: alter table ts_timesheet_detail add constraint FKpsfo46xu69vm2d2617b4v93hb foreign key (request_type_id) references rp_request_type (id)
Hibernate: alter table ts_timesheet_detail add constraint FK614bgmmnkux3b5ntat6h2fds5 foreign key (timesheet_header_id) references ts_timesheet_header (id) on delete cascade
Hibernate: alter table ts_timesheet_header add constraint FK447jbs03tm01b2b6224ht079m foreign key (timesheet_cycle_id) references ts_timesheet_cycle (id)
Hibernate: alter table ts_timesheet_header add constraint FKrei6dle67dna7dpmys0njumuw foreign key (workflow_steps_id) references wf_workflow_steps (id)
Hibernate: alter table ts_timesheet_header add constraint FKsr25uxohgrmmo9mptd412wsae foreign key (workflow_wip_status_id) references wf_workflow_wip_status (id)
Hibernate: alter table ts_timesheet_lines add constraint FK3xu8hef4twrgo9wgoy552eypq foreign key (timesheet_details_id) references ts_timesheet_detail (id) on delete cascade
Hibernate: alter table ts_timesheet_signature add constraint FK1lhpl57bqn9k7735v51tyf6tj foreign key (timesheet_header_id) references ts_timesheet_header (id) on delete cascade
Hibernate: alter table ts_timesheet_signature add constraint FKadn76n4d5b02quywar9rlife3 foreign key (workflow_steps_id) references wf_workflow_steps (id)
2022-07-14 18:12:53 - INFO HHH000490: Using JtaPlatform implementation: [org.hibernate.engine.transaction.jta.platform.internal.NoJtaPlatform]
2022-07-14 18:12:53 - INFO Initialized JPA EntityManagerFactory for persistence unit 'default'
2022-07-14 18:12:54 - WARN spring.jpa.open-in-view is enabled by default. Therefore, database queries may be performed during view rendering. Explicitly configure spring.jpa.open-in-view to disable this warning
2022-07-14 18:12:58 - WARN Exception encountered during context initialization - cancelling refresh attempt: org.springframework.beans.factory.UnsatisfiedDependencyException: Error creating bean with name 'additionalOrganizationController': Unsatisfied dependency expressed through field 'service'; nested exception is org.springframework.beans.factory.UnsatisfiedDependencyException: Error creating bean with name 'additionalOrganizationServiceImpl': Unsatisfied dependency expressed through field 'repository'; nested exception is org.springframework.beans.factory.BeanCreationException: Error creating bean with name 'additionalOrganizationRepository' defined in wwf.org.staff.repository.AdditionalOrganizationRepository defined in @EnableJpaRepositories declared on JpaRepositoriesRegistrar.EnableJpaRepositoriesConfiguration: Invocation of init method failed; nested exception is org.springframework.data.repository.query.QueryCreationException: Could not create query for public abstract wwf.org.staff.entity.AdditionalOrganization wwf.org.staff.repository.AdditionalOrganizationRepository.findByTenantIdAndadditionalOrganizationTypeIdAndFromTimeAndUntilTimeAndFromMonthAndUntilMonthAndValue(java.lang.Long,java.lang.Long,java.lang.Integer,java.lang.Integer,java.lang.Integer,java.lang.Integer,java.lang.Integer)! Reason: Failed to create query for method public abstract wwf.org.staff.entity.AdditionalOrganization wwf.org.staff.repository.AdditionalOrganizationRepository.findByTenantIdAndadditionalOrganizationTypeIdAndFromTimeAndUntilTimeAndFromMonthAndUntilMonthAndValue(java.lang.Long,java.lang.Long,java.lang.Integer,java.lang.Integer,java.lang.Integer,java.lang.Integer,java.lang.Integer)! No property 'andadditionalOrganizationTypeId' found for type 'Long'! Traversed path: AdditionalOrganization.tenantId.; nested exception is java.lang.IllegalArgumentException: Failed to create query for method public abstract wwf.org.staff.entity.AdditionalOrganization wwf.org.staff.repository.AdditionalOrganizationRepository.findByTenantIdAndadditionalOrganizationTypeIdAndFromTimeAndUntilTimeAndFromMonthAndUntilMonthAndValue(java.lang.Long,java.lang.Long,java.lang.Integer,java.lang.Integer,java.lang.Integer,java.lang.Integer,java.lang.Integer)! No property 'andadditionalOrganizationTypeId' found for type 'Long'! Traversed path: AdditionalOrganization.tenantId.
2022-07-14 18:12:58 - INFO Closing JPA EntityManagerFactory for persistence unit 'default'
2022-07-14 18:12:58 - INFO HikariPool-1 - Shutdown initiated...
2022-07-14 18:12:59 - INFO HikariPool-1 - Shutdown completed.
2022-07-14 18:12:59 - INFO 

Error starting ApplicationContext. To display the conditions report re-run your application with 'debug' enabled.
2022-07-14 18:12:59 -ERROR Application run failed
org.springframework.beans.factory.UnsatisfiedDependencyException: Error creating bean with name 'additionalOrganizationController': Unsatisfied dependency expressed through field 'service'; nested exception is org.springframework.beans.factory.UnsatisfiedDependencyException: Error creating bean with name 'additionalOrganizationServiceImpl': Unsatisfied dependency expressed through field 'repository'; nested exception is org.springframework.beans.factory.BeanCreationException: Error creating bean with name 'additionalOrganizationRepository' defined in wwf.org.staff.repository.AdditionalOrganizationRepository defined in @EnableJpaRepositories declared on JpaRepositoriesRegistrar.EnableJpaRepositoriesConfiguration: Invocation of init method failed; nested exception is org.springframework.data.repository.query.QueryCreationException: Could not create query for public abstract wwf.org.staff.entity.AdditionalOrganization wwf.org.staff.repository.AdditionalOrganizationRepository.findByTenantIdAndadditionalOrganizationTypeIdAndFromTimeAndUntilTimeAndFromMonthAndUntilMonthAndValue(java.lang.Long,java.lang.Long,java.lang.Integer,java.lang.Integer,java.lang.Integer,java.lang.Integer,java.lang.Integer)! Reason: Failed to create query for method public abstract wwf.org.staff.entity.AdditionalOrganization wwf.org.staff.repository.AdditionalOrganizationRepository.findByTenantIdAndadditionalOrganizationTypeIdAndFromTimeAndUntilTimeAndFromMonthAndUntilMonthAndValue(java.lang.Long,java.lang.Long,java.lang.Integer,java.lang.Integer,java.lang.Integer,java.lang.Integer,java.lang.Integer)! No property 'andadditionalOrganizationTypeId' found for type 'Long'! Traversed path: AdditionalOrganization.tenantId.; nested exception is java.lang.IllegalArgumentException: Failed to create query for method public abstract wwf.org.staff.entity.AdditionalOrganization wwf.org.staff.repository.AdditionalOrganizationRepository.findByTenantIdAndadditionalOrganizationTypeIdAndFromTimeAndUntilTimeAndFromMonthAndUntilMonthAndValue(java.lang.Long,java.lang.Long,java.lang.Integer,java.lang.Integer,java.lang.Integer,java.lang.Integer,java.lang.Integer)! No property 'andadditionalOrganizationTypeId' found for type 'Long'! Traversed path: AdditionalOrganization.tenantId.
	at org.springframework.beans.factory.annotation.AutowiredAnnotationBeanPostProcessor$AutowiredFieldElement.resolveFieldValue(AutowiredAnnotationBeanPostProcessor.java:659)
	at org.springframework.beans.factory.annotation.AutowiredAnnotationBeanPostProcessor$AutowiredFieldElement.inject(AutowiredAnnotationBeanPostProcessor.java:639)
	at org.springframework.beans.factory.annotation.InjectionMetadata.inject(InjectionMetadata.java:119)
	at org.springframework.beans.factory.annotation.AutowiredAnnotationBeanPostProcessor.postProcessProperties(AutowiredAnnotationBeanPostProcessor.java:399)
	at org.springframework.beans.factory.support.AbstractAutowireCapableBeanFactory.populateBean(AbstractAutowireCapableBeanFactory.java:1431)
	at org.springframework.beans.factory.support.AbstractAutowireCapableBeanFactory.doCreateBean(AbstractAutowireCapableBeanFactory.java:619)
	at org.springframework.beans.factory.support.AbstractAutowireCapableBeanFactory.createBean(AbstractAutowireCapableBeanFactory.java:542)
	at org.springframework.beans.factory.support.AbstractBeanFactory.lambda$doGetBean$0(AbstractBeanFactory.java:335)
	at org.springframework.beans.factory.support.DefaultSingletonBeanRegistry.getSingleton(DefaultSingletonBeanRegistry.java:234)
	at org.springframework.beans.factory.support.AbstractBeanFactory.doGetBean(AbstractBeanFactory.java:333)
	at org.springframework.beans.factory.support.AbstractBeanFactory.getBean(AbstractBeanFactory.java:208)
	at org.springframework.beans.factory.support.DefaultListableBeanFactory.preInstantiateSingletons(DefaultListableBeanFactory.java:953)
	at org.springframework.context.support.AbstractApplicationContext.finishBeanFactoryInitialization(AbstractApplicationContext.java:918)
	at org.springframework.context.support.AbstractApplicationContext.refresh(AbstractApplicationContext.java:583)
	at org.springframework.boot.SpringApplication.refresh(SpringApplication.java:740)
	at org.springframework.boot.SpringApplication.refreshContext(SpringApplication.java:415)
	at org.springframework.boot.SpringApplication.run(SpringApplication.java:303)
	at org.springframework.boot.test.context.SpringBootContextLoader.loadContext(SpringBootContextLoader.java:144)
	at org.springframework.test.context.cache.DefaultCacheAwareContextLoaderDelegate.loadContextInternal(DefaultCacheAwareContextLoaderDelegate.java:99)
	at org.springframework.test.context.cache.DefaultCacheAwareContextLoaderDelegate.loadContext(DefaultCacheAwareContextLoaderDelegate.java:124)
	at org.springframework.test.context.support.DefaultTestContext.getApplicationContext(DefaultTestContext.java:124)
	at org.springframework.test.context.web.ServletTestExecutionListener.setUpRequestContextIfNecessary(ServletTestExecutionListener.java:190)
	at org.springframework.test.context.web.ServletTestExecutionListener.prepareTestInstance(ServletTestExecutionListener.java:132)
	at org.springframework.test.context.TestContextManager.prepareTestInstance(TestContextManager.java:248)
	at org.springframework.test.context.junit.jupiter.SpringExtension.postProcessTestInstance(SpringExtension.java:138)
	at org.junit.jupiter.engine.descriptor.ClassBasedTestDescriptor.lambda$invokeTestInstancePostProcessors$8(ClassBasedTestDescriptor.java:363)
	at org.junit.jupiter.engine.descriptor.ClassBasedTestDescriptor.executeAndMaskThrowable(ClassBasedTestDescriptor.java:368)
	at org.junit.jupiter.engine.descriptor.ClassBasedTestDescriptor.lambda$invokeTestInstancePostProcessors$9(ClassBasedTestDescriptor.java:363)
	at java.base/java.util.stream.ReferencePipeline$3$1.accept(ReferencePipeline.java:197)
	at java.base/java.util.stream.ReferencePipeline$2$1.accept(ReferencePipeline.java:179)
	at java.base/java.util.ArrayList$ArrayListSpliterator.forEachRemaining(ArrayList.java:1625)
	at java.base/java.util.stream.AbstractPipeline.copyInto(AbstractPipeline.java:509)
	at java.base/java.util.stream.AbstractPipeline.wrapAndCopyInto(AbstractPipeline.java:499)
	at java.base/java.util.stream.StreamSpliterators$WrappingSpliterator.forEachRemaining(StreamSpliterators.java:310)
	at java.base/java.util.stream.Streams$ConcatSpliterator.forEachRemaining(Streams.java:735)
	at java.base/java.util.stream.Streams$ConcatSpliterator.forEachRemaining(Streams.java:734)
	at java.base/java.util.stream.ReferencePipeline$Head.forEach(ReferencePipeline.java:762)
	at org.junit.jupiter.engine.descriptor.ClassBasedTestDescriptor.invokeTestInstancePostProcessors(ClassBasedTestDescriptor.java:362)
	at org.junit.jupiter.engine.descriptor.ClassBasedTestDescriptor.lambda$instantiateAndPostProcessTestInstance$6(ClassBasedTestDescriptor.java:283)
	at org.junit.platform.engine.support.hierarchical.ThrowableCollector.execute(ThrowableCollector.java:73)
	at org.junit.jupiter.engine.descriptor.ClassBasedTestDescriptor.instantiateAndPostProcessTestInstance(ClassBasedTestDescriptor.java:282)
	at org.junit.jupiter.engine.descriptor.ClassBasedTestDescriptor.lambda$testInstancesProvider$4(ClassBasedTestDescriptor.java:272)
	at java.base/java.util.Optional.orElseGet(Optional.java:364)
	at org.junit.jupiter.engine.descriptor.ClassBasedTestDescriptor.lambda$testInstancesProvider$5(ClassBasedTestDescriptor.java:271)
	at org.junit.jupiter.engine.execution.TestInstancesProvider.getTestInstances(TestInstancesProvider.java:31)
	at org.junit.jupiter.engine.descriptor.TestMethodTestDescriptor.lambda$prepare$0(TestMethodTestDescriptor.java:102)
	at org.junit.platform.engine.support.hierarchical.ThrowableCollector.execute(ThrowableCollector.java:73)
	at org.junit.jupiter.engine.descriptor.TestMethodTestDescriptor.prepare(TestMethodTestDescriptor.java:101)
	at org.junit.jupiter.engine.descriptor.TestMethodTestDescriptor.prepare(TestMethodTestDescriptor.java:66)
	at org.junit.platform.engine.support.hierarchical.NodeTestTask.lambda$prepare$2(NodeTestTask.java:123)
	at org.junit.platform.engine.support.hierarchical.ThrowableCollector.execute(ThrowableCollector.java:73)
	at org.junit.platform.engine.support.hierarchical.NodeTestTask.prepare(NodeTestTask.java:123)
	at org.junit.platform.engine.support.hierarchical.NodeTestTask.execute(NodeTestTask.java:90)
	at java.base/java.util.ArrayList.forEach(ArrayList.java:1511)
	at org.junit.platform.engine.support.hierarchical.SameThreadHierarchicalTestExecutorService.invokeAll(SameThreadHierarchicalTestExecutorService.java:41)
	at org.junit.platform.engine.support.hierarchical.NodeTestTask.lambda$executeRecursively$6(NodeTestTask.java:155)
	at org.junit.platform.engine.support.hierarchical.ThrowableCollector.execute(ThrowableCollector.java:73)
	at org.junit.platform.engine.support.hierarchical.NodeTestTask.lambda$executeRecursively$8(NodeTestTask.java:141)
	at org.junit.platform.engine.support.hierarchical.Node.around(Node.java:137)
	at org.junit.platform.engine.support.hierarchical.NodeTestTask.lambda$executeRecursively$9(NodeTestTask.java:139)
	at org.junit.platform.engine.support.hierarchical.ThrowableCollector.execute(ThrowableCollector.java:73)
	at org.junit.platform.engine.support.hierarchical.NodeTestTask.executeRecursively(NodeTestTask.java:138)
	at org.junit.platform.engine.support.hierarchical.NodeTestTask.execute(NodeTestTask.java:95)
	at java.base/java.util.ArrayList.forEach(ArrayList.java:1511)
	at org.junit.platform.engine.support.hierarchical.SameThreadHierarchicalTestExecutorService.invokeAll(SameThreadHierarchicalTestExecutorService.java:41)
	at org.junit.platform.engine.support.hierarchical.NodeTestTask.lambda$executeRecursively$6(NodeTestTask.java:155)
	at org.junit.platform.engine.support.hierarchical.ThrowableCollector.execute(ThrowableCollector.java:73)
	at org.junit.platform.engine.support.hierarchical.NodeTestTask.lambda$executeRecursively$8(NodeTestTask.java:141)
	at org.junit.platform.engine.support.hierarchical.Node.around(Node.java:137)
	at org.junit.platform.engine.support.hierarchical.NodeTestTask.lambda$executeRecursively$9(NodeTestTask.java:139)
	at org.junit.platform.engine.support.hierarchical.ThrowableCollector.execute(ThrowableCollector.java:73)
	at org.junit.platform.engine.support.hierarchical.NodeTestTask.executeRecursively(NodeTestTask.java:138)
	at org.junit.platform.engine.support.hierarchical.NodeTestTask.execute(NodeTestTask.java:95)
	at org.junit.platform.engine.support.hierarchical.SameThreadHierarchicalTestExecutorService.submit(SameThreadHierarchicalTestExecutorService.java:35)
	at org.junit.platform.engine.support.hierarchical.HierarchicalTestExecutor.execute(HierarchicalTestExecutor.java:57)
	at org.junit.platform.engine.support.hierarchical.HierarchicalTestEngine.execute(HierarchicalTestEngine.java:54)
	at org.junit.platform.launcher.core.DefaultLauncher.execute(DefaultLauncher.java:220)
	at org.junit.platform.launcher.core.DefaultLauncher.lambda$execute$6(DefaultLauncher.java:188)
	at org.junit.platform.launcher.core.DefaultLauncher.withInterceptedStreams(DefaultLauncher.java:202)
	at org.junit.platform.launcher.core.DefaultLauncher.execute(DefaultLauncher.java:181)
	at org.junit.platform.launcher.core.DefaultLauncher.execute(DefaultLauncher.java:128)
	at org.apache.maven.surefire.junitplatform.JUnitPlatformProvider.invokeAllTests(JUnitPlatformProvider.java:150)
	at org.apache.maven.surefire.junitplatform.JUnitPlatformProvider.invoke(JUnitPlatformProvider.java:124)
	at org.apache.maven.surefire.booter.ForkedBooter.invokeProviderInSameClassLoader(ForkedBooter.java:384)
	at org.apache.maven.surefire.booter.ForkedBooter.runSuitesInProcess(ForkedBooter.java:345)
	at org.apache.maven.surefire.booter.ForkedBooter.execute(ForkedBooter.java:126)
	at org.apache.maven.surefire.booter.ForkedBooter.main(ForkedBooter.java:418)
[...]
	at org.springframework.beans.factory.annotation.AutowiredAnnotationBeanPostProcessor$AutowiredFieldElement.resolveFieldValue(AutowiredAnnotationBeanPostProcessor.java:659)
	at org.springframework.beans.factory.annotation.AutowiredAnnotationBeanPostProcessor$AutowiredFieldElement.inject(AutowiredAnnotationBeanPostProcessor.java:639)
	at org.springframework.beans.factory.annotation.InjectionMetadata.inject(InjectionMetadata.java:119)
	at org.springframework.beans.factory.annotation.AutowiredAnnotationBeanPostProcessor.postProcessProperties(AutowiredAnnotationBeanPostProcessor.java:399)
	at org.springframework.beans.factory.support.AbstractAutowireCapableBeanFactory.populateBean(AbstractAutowireCapableBeanFactory.java:1431)
	at org.springframework.beans.factory.support.AbstractAutowireCapableBeanFactory.doCreateBean(AbstractAutowireCapableBeanFactory.java:619)
	at org.springframework.beans.factory.support.AbstractAutowireCapableBeanFactory.createBean(AbstractAutowireCapableBeanFactory.java:542)
	at org.springframework.beans.factory.support.AbstractBeanFactory.lambda$doGetBean$0(AbstractBeanFactory.java:335)
	at org.springframework.beans.factory.support.DefaultSingletonBeanRegistry.getSingleton(DefaultSingletonBeanRegistry.java:234)
	at org.springframework.beans.factory.support.AbstractBeanFactory.doGetBean(AbstractBeanFactory.java:333)
	at org.springframework.beans.factory.support.AbstractBeanFactory.getBean(AbstractBeanFactory.java:208)
	at org.springframework.beans.factory.support.DefaultListableBeanFactory.preInstantiateSingletons(DefaultListableBeanFactory.java:953)
	at org.springframework.context.support.AbstractApplicationContext.finishBeanFactoryInitialization(AbstractApplicationContext.java:918)
	at org.springframework.context.support.AbstractApplicationContext.refresh(AbstractApplicationContext.java:583)
	at org.springframework.boot.SpringApplication.refresh(SpringApplication.java:740)
	at org.springframework.boot.SpringApplication.refreshContext(SpringApplication.java:415)
	at org.springframework.boot.SpringApplication.run(SpringApplication.java:303)
	at org.springframework.boot.test.context.SpringBootContextLoader.loadContext(SpringBootContextLoader.java:144)
	at org.springframework.test.context.cache.DefaultCacheAwareContextLoaderDelegate.loadContextInternal(DefaultCacheAwareContextLoaderDelegate.java:99)
	at org.springframework.test.context.cache.DefaultCacheAwareContextLoaderDelegate.loadContext(DefaultCacheAwareContextLoaderDelegate.java:124)
	... 67 common frames omitted
Caused by: org.springframework.beans.factory.UnsatisfiedDependencyException: Error creating bean with name 'additionalOrganizationServiceImpl': Unsatisfied dependency expressed through field 'repository'; nested exception is org.springframework.beans.factory.BeanCreationException: Error creating bean with name 'additionalOrganizationRepository' defined in wwf.org.staff.repository.AdditionalOrganizationRepository defined in @EnableJpaRepositories declared on JpaRepositoriesRegistrar.EnableJpaRepositoriesConfiguration: Invocation of init method failed; nested exception is org.springframework.data.repository.query.QueryCreationException: Could not create query for public abstract wwf.org.staff.entity.AdditionalOrganization wwf.org.staff.repository.AdditionalOrganizationRepository.findByTenantIdAndadditionalOrganizationTypeIdAndFromTimeAndUntilTimeAndFromMonthAndUntilMonthAndValue(java.lang.Long,java.lang.Long,java.lang.Integer,java.lang.Integer,java.lang.Integer,java.lang.Integer,java.lang.Integer)! Reason: Failed to create query for method public abstract wwf.org.staff.entity.AdditionalOrganization wwf.org.staff.repository.AdditionalOrganizationRepository.findByTenantIdAndadditionalOrganizationTypeIdAndFromTimeAndUntilTimeAndFromMonthAndUntilMonthAndValue(java.lang.Long,java.lang.Long,java.lang.Integer,java.lang.Integer,java.lang.Integer,java.lang.Integer,java.lang.Integer)! No property 'andadditionalOrganizationTypeId' found for type 'Long'! Traversed path: AdditionalOrganization.tenantId.; nested exception is java.lang.IllegalArgumentException: Failed to create query for method public abstract wwf.org.staff.entity.AdditionalOrganization wwf.org.staff.repository.AdditionalOrganizationRepository.findByTenantIdAndadditionalOrganizationTypeIdAndFromTimeAndUntilTimeAndFromMonthAndUntilMonthAndValue(java.lang.Long,java.lang.Long,java.lang.Integer,java.lang.Integer,java.lang.Integer,java.lang.Integer,java.lang.Integer)! No property 'andadditionalOrganizationTypeId' found for type 'Long'! Traversed path: AdditionalOrganization.tenantId.
	at org.springframework.beans.factory.annotation.AutowiredAnnotationBeanPostProcessor$AutowiredFieldElement.resolveFieldValue(AutowiredAnnotationBeanPostProcessor.java:659)
	at org.springframework.beans.factory.annotation.AutowiredAnnotationBeanPostProcessor$AutowiredFieldElement.inject(AutowiredAnnotationBeanPostProcessor.java:639)
	at org.springframework.beans.factory.annotation.InjectionMetadata.inject(InjectionMetadata.java:119)
	at org.springframework.beans.factory.annotation.AutowiredAnnotationBeanPostProcessor.postProcessProperties(AutowiredAnnotationBeanPostProcessor.java:399)
	at org.springframework.beans.factory.support.AbstractAutowireCapableBeanFactory.populateBean(AbstractAutowireCapableBeanFactory.java:1431)
	at org.springframework.beans.factory.support.AbstractAutowireCapableBeanFactory.doCreateBean(AbstractAutowireCapableBeanFactory.java:619)
	at org.springframework.beans.factory.support.AbstractAutowireCapableBeanFactory.createBean(AbstractAutowireCapableBeanFactory.java:542)
	at org.springframework.beans.factory.support.AbstractBeanFactory.lambda$doGetBean$0(AbstractBeanFactory.java:335)
	at org.springframework.beans.factory.support.DefaultSingletonBeanRegistry.getSingleton(DefaultSingletonBeanRegistry.java:234)
	at org.springframework.beans.factory.support.AbstractBeanFactory.doGetBean(AbstractBeanFactory.java:333)
	at org.springframework.beans.factory.support.AbstractBeanFactory.getBean(AbstractBeanFactory.java:208)
	at org.springframework.beans.factory.config.DependencyDescriptor.resolveCandidate(DependencyDescriptor.java:276)
	at org.springframework.beans.factory.support.DefaultListableBeanFactory.doResolveDependency(DefaultListableBeanFactory.java:1389)
	at org.springframework.beans.factory.support.DefaultListableBeanFactory.resolveDependency(DefaultListableBeanFactory.java:1309)
	at org.springframework.beans.factory.annotation.AutowiredAnnotationBeanPostProcessor$AutowiredFieldElement.resolveFieldValue(AutowiredAnnotationBeanPostProcessor.java:656)
	... 86 common frames omitted
Caused by: org.springframework.beans.factory.BeanCreationException: Error creating bean with name 'additionalOrganizationRepository' defined in wwf.org.staff.repository.AdditionalOrganizationRepository defined in @EnableJpaRepositories declared on JpaRepositoriesRegistrar.EnableJpaRepositoriesConfiguration: Invocation of init method failed; nested exception is org.springframework.data.repository.query.QueryCreationException: Could not create query for public abstract wwf.org.staff.entity.AdditionalOrganization wwf.org.staff.repository.AdditionalOrganizationRepository.findByTenantIdAndadditionalOrganizationTypeIdAndFromTimeAndUntilTimeAndFromMonthAndUntilMonthAndValue(java.lang.Long,java.lang.Long,java.lang.Integer,java.lang.Integer,java.lang.Integer,java.lang.Integer,java.lang.Integer)! Reason: Failed to create query for method public abstract wwf.org.staff.entity.AdditionalOrganization wwf.org.staff.repository.AdditionalOrganizationRepository.findByTenantIdAndadditionalOrganizationTypeIdAndFromTimeAndUntilTimeAndFromMonthAndUntilMonthAndValue(java.lang.Long,java.lang.Long,java.lang.Integer,java.lang.Integer,java.lang.Integer,java.lang.Integer,java.lang.Integer)! No property 'andadditionalOrganizationTypeId' found for type 'Long'! Traversed path: AdditionalOrganization.tenantId.; nested exception is java.lang.IllegalArgumentException: Failed to create query for method public abstract wwf.org.staff.entity.AdditionalOrganization wwf.org.staff.repository.AdditionalOrganizationRepository.findByTenantIdAndadditionalOrganizationTypeIdAndFromTimeAndUntilTimeAndFromMonthAndUntilMonthAndValue(java.lang.Long,java.lang.Long,java.lang.Integer,java.lang.Integer,java.lang.Integer,java.lang.Integer,java.lang.Integer)! No property 'andadditionalOrganizationTypeId' found for type 'Long'! Traversed path: AdditionalOrganization.tenantId.
	at org.springframework.beans.factory.support.AbstractAutowireCapableBeanFactory.initializeBean(AbstractAutowireCapableBeanFactory.java:1804)
	at org.springframework.beans.factory.support.AbstractAutowireCapableBeanFactory.doCreateBean(AbstractAutowireCapableBeanFactory.java:620)
	at org.springframework.beans.factory.support.AbstractAutowireCapableBeanFactory.createBean(AbstractAutowireCapableBeanFactory.java:542)
	at org.springframework.beans.factory.support.AbstractBeanFactory.lambda$doGetBean$0(AbstractBeanFactory.java:335)
	at org.springframework.beans.factory.support.DefaultSingletonBeanRegistry.getSingleton(DefaultSingletonBeanRegistry.java:234)
	at org.springframework.beans.factory.support.AbstractBeanFactory.doGetBean(AbstractBeanFactory.java:333)
	at org.springframework.beans.factory.support.AbstractBeanFactory.getBean(AbstractBeanFactory.java:208)
	at org.springframework.beans.factory.config.DependencyDescriptor.resolveCandidate(DependencyDescriptor.java:276)
	at org.springframework.beans.factory.support.DefaultListableBeanFactory.doResolveDependency(DefaultListableBeanFactory.java:1389)
	at org.springframework.beans.factory.support.DefaultListableBeanFactory.resolveDependency(DefaultListableBeanFactory.java:1309)
	at org.springframework.beans.factory.annotation.AutowiredAnnotationBeanPostProcessor$AutowiredFieldElement.resolveFieldValue(AutowiredAnnotationBeanPostProcessor.java:656)
	... 100 common frames omitted
Caused by: org.springframework.data.repository.query.QueryCreationException: Could not create query for public abstract wwf.org.staff.entity.AdditionalOrganization wwf.org.staff.repository.AdditionalOrganizationRepository.findByTenantIdAndadditionalOrganizationTypeIdAndFromTimeAndUntilTimeAndFromMonthAndUntilMonthAndValue(java.lang.Long,java.lang.Long,java.lang.Integer,java.lang.Integer,java.lang.Integer,java.lang.Integer,java.lang.Integer)! Reason: Failed to create query for method public abstract wwf.org.staff.entity.AdditionalOrganization wwf.org.staff.repository.AdditionalOrganizationRepository.findByTenantIdAndadditionalOrganizationTypeIdAndFromTimeAndUntilTimeAndFromMonthAndUntilMonthAndValue(java.lang.Long,java.lang.Long,java.lang.Integer,java.lang.Integer,java.lang.Integer,java.lang.Integer,java.lang.Integer)! No property 'andadditionalOrganizationTypeId' found for type 'Long'! Traversed path: AdditionalOrganization.tenantId.; nested exception is java.lang.IllegalArgumentException: Failed to create query for method public abstract wwf.org.staff.entity.AdditionalOrganization wwf.org.staff.repository.AdditionalOrganizationRepository.findByTenantIdAndadditionalOrganizationTypeIdAndFromTimeAndUntilTimeAndFromMonthAndUntilMonthAndValue(java.lang.Long,java.lang.Long,java.lang.Integer,java.lang.Integer,java.lang.Integer,java.lang.Integer,java.lang.Integer)! No property 'andadditionalOrganizationTypeId' found for type 'Long'! Traversed path: AdditionalOrganization.tenantId.
	at org.springframework.data.repository.query.QueryCreationException.create(QueryCreationException.java:101)
	at org.springframework.data.repository.core.support.QueryExecutorMethodInterceptor.lookupQuery(QueryExecutorMethodInterceptor.java:106)
	at org.springframework.data.repository.core.support.QueryExecutorMethodInterceptor.lambda$mapMethodsToQuery$1(QueryExecutorMethodInterceptor.java:94)
	at java.base/java.util.stream.ReferencePipeline$3$1.accept(ReferencePipeline.java:197)
	at java.base/java.util.Iterator.forEachRemaining(Iterator.java:133)
	at java.base/java.util.Collections$UnmodifiableCollection$1.forEachRemaining(Collections.java:1061)
	at java.base/java.util.Spliterators$IteratorSpliterator.forEachRemaining(Spliterators.java:1845)
	at java.base/java.util.stream.AbstractPipeline.copyInto(AbstractPipeline.java:509)
	at java.base/java.util.stream.AbstractPipeline.wrapAndCopyInto(AbstractPipeline.java:499)
	at java.base/java.util.stream.ReduceOps$ReduceOp.evaluateSequential(ReduceOps.java:921)
	at java.base/java.util.stream.AbstractPipeline.evaluate(AbstractPipeline.java:234)
	at java.base/java.util.stream.ReferencePipeline.collect(ReferencePipeline.java:682)
	at org.springframework.data.repository.core.support.QueryExecutorMethodInterceptor.mapMethodsToQuery(QueryExecutorMethodInterceptor.java:96)
	at org.springframework.data.repository.core.support.QueryExecutorMethodInterceptor.lambda$new$0(QueryExecutorMethodInterceptor.java:86)
	at java.base/java.util.Optional.map(Optional.java:260)
	at org.springframework.data.repository.core.support.QueryExecutorMethodInterceptor.<init>(QueryExecutorMethodInterceptor.java:86)
	at org.springframework.data.repository.core.support.RepositoryFactorySupport.getRepository(RepositoryFactorySupport.java:364)
	at org.springframework.data.repository.core.support.RepositoryFactoryBeanSupport.lambda$afterPropertiesSet$5(RepositoryFactoryBeanSupport.java:322)
	at org.springframework.data.util.Lazy.getNullable(Lazy.java:230)
	at org.springframework.data.util.Lazy.get(Lazy.java:114)
	at org.springframework.data.repository.core.support.RepositoryFactoryBeanSupport.afterPropertiesSet(RepositoryFactoryBeanSupport.java:328)
	at org.springframework.data.jpa.repository.support.JpaRepositoryFactoryBean.afterPropertiesSet(JpaRepositoryFactoryBean.java:144)
	at org.springframework.beans.factory.support.AbstractAutowireCapableBeanFactory.invokeInitMethods(AbstractAutowireCapableBeanFactory.java:1863)
	at org.springframework.beans.factory.support.AbstractAutowireCapableBeanFactory.initializeBean(AbstractAutowireCapableBeanFactory.java:1800)
	... 110 common frames omitted
Caused by: java.lang.IllegalArgumentException: Failed to create query for method public abstract wwf.org.staff.entity.AdditionalOrganization wwf.org.staff.repository.AdditionalOrganizationRepository.findByTenantIdAndadditionalOrganizationTypeIdAndFromTimeAndUntilTimeAndFromMonthAndUntilMonthAndValue(java.lang.Long,java.lang.Long,java.lang.Integer,java.lang.Integer,java.lang.Integer,java.lang.Integer,java.lang.Integer)! No property 'andadditionalOrganizationTypeId' found for type 'Long'! Traversed path: AdditionalOrganization.tenantId.
	at org.springframework.data.jpa.repository.query.PartTreeJpaQuery.<init>(PartTreeJpaQuery.java:96)
	at org.springframework.data.jpa.repository.query.JpaQueryLookupStrategy$CreateQueryLookupStrategy.resolveQuery(JpaQueryLookupStrategy.java:113)
	at org.springframework.data.jpa.repository.query.JpaQueryLookupStrategy$CreateIfNotFoundQueryLookupStrategy.resolveQuery(JpaQueryLookupStrategy.java:254)
	at org.springframework.data.jpa.repository.query.JpaQueryLookupStrategy$AbstractQueryLookupStrategy.resolveQuery(JpaQueryLookupStrategy.java:87)
	at org.springframework.data.repository.core.support.QueryExecutorMethodInterceptor.lookupQuery(QueryExecutorMethodInterceptor.java:102)
	... 132 common frames omitted
Caused by: org.springframework.data.mapping.PropertyReferenceException: No property 'andadditionalOrganizationTypeId' found for type 'Long'! Traversed path: AdditionalOrganization.tenantId.
	at org.springframework.data.mapping.PropertyPath.<init>(PropertyPath.java:90)
	at org.springframework.data.mapping.PropertyPath.create(PropertyPath.java:437)
	at org.springframework.data.mapping.PropertyPath.create(PropertyPath.java:413)
	at org.springframework.data.mapping.PropertyPath.create(PropertyPath.java:447)
	at org.springframework.data.mapping.PropertyPath.create(PropertyPath.java:470)
	at org.springframework.data.mapping.PropertyPath.create(PropertyPath.java:470)
	at org.springframework.data.mapping.PropertyPath.create(PropertyPath.java:470)
	at org.springframework.data.mapping.PropertyPath.create(PropertyPath.java:470)
	at org.springframework.data.mapping.PropertyPath.create(PropertyPath.java:413)
	at org.springframework.data.mapping.PropertyPath.lambda$from$0(PropertyPath.java:366)
	at java.base/java.util.concurrent.ConcurrentMap.computeIfAbsent(ConcurrentMap.java:330)
	at org.springframework.data.mapping.PropertyPath.from(PropertyPath.java:348)
	at org.springframework.data.mapping.PropertyPath.from(PropertyPath.java:331)
	at org.springframework.data.repository.query.parser.Part.<init>(Part.java:81)
	at org.springframework.data.repository.query.parser.PartTree$OrPart.lambda$new$0(PartTree.java:249)
	at java.base/java.util.stream.ReferencePipeline$3$1.accept(ReferencePipeline.java:197)
	at java.base/java.util.stream.ReferencePipeline$2$1.accept(ReferencePipeline.java:179)
	at java.base/java.util.Spliterators$ArraySpliterator.forEachRemaining(Spliterators.java:992)
	at java.base/java.util.stream.AbstractPipeline.copyInto(AbstractPipeline.java:509)
	at java.base/java.util.stream.AbstractPipeline.wrapAndCopyInto(AbstractPipeline.java:499)
	at java.base/java.util.stream.ReduceOps$ReduceOp.evaluateSequential(ReduceOps.java:921)
	at java.base/java.util.stream.AbstractPipeline.evaluate(AbstractPipeline.java:234)
	at java.base/java.util.stream.ReferencePipeline.collect(ReferencePipeline.java:682)
	at org.springframework.data.repository.query.parser.PartTree$OrPart.<init>(PartTree.java:250)
	at org.springframework.data.repository.query.parser.PartTree$Predicate.lambda$new$0(PartTree.java:383)
	at java.base/java.util.stream.ReferencePipeline$3$1.accept(ReferencePipeline.java:197)
	at java.base/java.util.stream.ReferencePipeline$2$1.accept(ReferencePipeline.java:179)
	at java.base/java.util.Spliterators$ArraySpliterator.forEachRemaining(Spliterators.java:992)
	at java.base/java.util.stream.AbstractPipeline.copyInto(AbstractPipeline.java:509)
	at java.base/java.util.stream.AbstractPipeline.wrapAndCopyInto(AbstractPipeline.java:499)
	at java.base/java.util.stream.ReduceOps$ReduceOp.evaluateSequential(ReduceOps.java:921)
	at java.base/java.util.stream.AbstractPipeline.evaluate(AbstractPipeline.java:234)
	at java.base/java.util.stream.ReferencePipeline.collect(ReferencePipeline.java:682)
	at org.springframework.data.repository.query.parser.PartTree$Predicate.<init>(PartTree.java:384)
	at org.springframework.data.repository.query.parser.PartTree.<init>(PartTree.java:95)
	at org.springframework.data.jpa.repository.query.PartTreeJpaQuery.<init>(PartTreeJpaQuery.java:89)
	... 136 common frames omitted
]]></system-out>
  </testcase>
</testsuite>