-------------------------------------------------------------------------------
Test set: wwf.org.staff.ServiceStaffApplicationTests
-------------------------------------------------------------------------------
Tests run: 1, Failures: 0, Errors: 1, Skipped: 0, Time elapsed: 274.091 s <<< FAILURE! - in wwf.org.staff.ServiceStaffApplicationTests
contextLoads  Time elapsed: 0.006 s  <<< ERROR!
java.lang.IllegalStateException: Failed to load ApplicationContext
Caused by: org.springframework.beans.factory.UnsatisfiedDependencyException: Error creating bean with name 'additionalOrganizationController': Unsatisfied dependency expressed through field 'service'; nested exception is org.springframework.beans.factory.UnsatisfiedDependencyException: Error creating bean with name 'additionalOrganizationServiceImpl': Unsatisfied dependency expressed through field 'repository'; nested exception is org.springframework.beans.factory.BeanCreationException: Error creating bean with name 'additionalOrganizationRepository' defined in wwf.org.staff.repository.AdditionalOrganizationRepository defined in @EnableJpaRepositories declared on JpaRepositoriesRegistrar.EnableJpaRepositoriesConfiguration: Invocation of init method failed; nested exception is org.springframework.data.repository.query.QueryCreationException: Could not create query for public abstract wwf.org.staff.entity.AdditionalOrganization wwf.org.staff.repository.AdditionalOrganizationRepository.findByTenantIdAndadditionalOrganizationTypeIdAndFromTimeAndUntilTimeAndFromMonthAndUntilMonthAndValue(java.lang.Long,java.lang.Long,java.lang.Integer,java.lang.Integer,java.lang.Integer,java.lang.Integer,java.lang.Integer)! Reason: Failed to create query for method public abstract wwf.org.staff.entity.AdditionalOrganization wwf.org.staff.repository.AdditionalOrganizationRepository.findByTenantIdAndadditionalOrganizationTypeIdAndFromTimeAndUntilTimeAndFromMonthAndUntilMonthAndValue(java.lang.Long,java.lang.Long,java.lang.Integer,java.lang.Integer,java.lang.Integer,java.lang.Integer,java.lang.Integer)! No property 'andadditionalOrganizationTypeId' found for type 'Long'! Traversed path: AdditionalOrganization.tenantId.; nested exception is java.lang.IllegalArgumentException: Failed to create query for method public abstract wwf.org.staff.entity.AdditionalOrganization wwf.org.staff.repository.AdditionalOrganizationRepository.findByTenantIdAndadditionalOrganizationTypeIdAndFromTimeAndUntilTimeAndFromMonthAndUntilMonthAndValue(java.lang.Long,java.lang.Long,java.lang.Integer,java.lang.Integer,java.lang.Integer,java.lang.Integer,java.lang.Integer)! No property 'andadditionalOrganizationTypeId' found for type 'Long'! Traversed path: AdditionalOrganization.tenantId.
Caused by: org.springframework.beans.factory.UnsatisfiedDependencyException: Error creating bean with name 'additionalOrganizationServiceImpl': Unsatisfied dependency expressed through field 'repository'; nested exception is org.springframework.beans.factory.BeanCreationException: Error creating bean with name 'additionalOrganizationRepository' defined in wwf.org.staff.repository.AdditionalOrganizationRepository defined in @EnableJpaRepositories declared on JpaRepositoriesRegistrar.EnableJpaRepositoriesConfiguration: Invocation of init method failed; nested exception is org.springframework.data.repository.query.QueryCreationException: Could not create query for public abstract wwf.org.staff.entity.AdditionalOrganization wwf.org.staff.repository.AdditionalOrganizationRepository.findByTenantIdAndadditionalOrganizationTypeIdAndFromTimeAndUntilTimeAndFromMonthAndUntilMonthAndValue(java.lang.Long,java.lang.Long,java.lang.Integer,java.lang.Integer,java.lang.Integer,java.lang.Integer,java.lang.Integer)! Reason: Failed to create query for method public abstract wwf.org.staff.entity.AdditionalOrganization wwf.org.staff.repository.AdditionalOrganizationRepository.findByTenantIdAndadditionalOrganizationTypeIdAndFromTimeAndUntilTimeAndFromMonthAndUntilMonthAndValue(java.lang.Long,java.lang.Long,java.lang.Integer,java.lang.Integer,java.lang.Integer,java.lang.Integer,java.lang.Integer)! No property 'andadditionalOrganizationTypeId' found for type 'Long'! Traversed path: AdditionalOrganization.tenantId.; nested exception is java.lang.IllegalArgumentException: Failed to create query for method public abstract wwf.org.staff.entity.AdditionalOrganization wwf.org.staff.repository.AdditionalOrganizationRepository.findByTenantIdAndadditionalOrganizationTypeIdAndFromTimeAndUntilTimeAndFromMonthAndUntilMonthAndValue(java.lang.Long,java.lang.Long,java.lang.Integer,java.lang.Integer,java.lang.Integer,java.lang.Integer,java.lang.Integer)! No property 'andadditionalOrganizationTypeId' found for type 'Long'! Traversed path: AdditionalOrganization.tenantId.
Caused by: org.springframework.beans.factory.BeanCreationException: Error creating bean with name 'additionalOrganizationRepository' defined in wwf.org.staff.repository.AdditionalOrganizationRepository defined in @EnableJpaRepositories declared on JpaRepositoriesRegistrar.EnableJpaRepositoriesConfiguration: Invocation of init method failed; nested exception is org.springframework.data.repository.query.QueryCreationException: Could not create query for public abstract wwf.org.staff.entity.AdditionalOrganization wwf.org.staff.repository.AdditionalOrganizationRepository.findByTenantIdAndadditionalOrganizationTypeIdAndFromTimeAndUntilTimeAndFromMonthAndUntilMonthAndValue(java.lang.Long,java.lang.Long,java.lang.Integer,java.lang.Integer,java.lang.Integer,java.lang.Integer,java.lang.Integer)! Reason: Failed to create query for method public abstract wwf.org.staff.entity.AdditionalOrganization wwf.org.staff.repository.AdditionalOrganizationRepository.findByTenantIdAndadditionalOrganizationTypeIdAndFromTimeAndUntilTimeAndFromMonthAndUntilMonthAndValue(java.lang.Long,java.lang.Long,java.lang.Integer,java.lang.Integer,java.lang.Integer,java.lang.Integer,java.lang.Integer)! No property 'andadditionalOrganizationTypeId' found for type 'Long'! Traversed path: AdditionalOrganization.tenantId.; nested exception is java.lang.IllegalArgumentException: Failed to create query for method public abstract wwf.org.staff.entity.AdditionalOrganization wwf.org.staff.repository.AdditionalOrganizationRepository.findByTenantIdAndadditionalOrganizationTypeIdAndFromTimeAndUntilTimeAndFromMonthAndUntilMonthAndValue(java.lang.Long,java.lang.Long,java.lang.Integer,java.lang.Integer,java.lang.Integer,java.lang.Integer,java.lang.Integer)! No property 'andadditionalOrganizationTypeId' found for type 'Long'! Traversed path: AdditionalOrganization.tenantId.
Caused by: org.springframework.data.repository.query.QueryCreationException: Could not create query for public abstract wwf.org.staff.entity.AdditionalOrganization wwf.org.staff.repository.AdditionalOrganizationRepository.findByTenantIdAndadditionalOrganizationTypeIdAndFromTimeAndUntilTimeAndFromMonthAndUntilMonthAndValue(java.lang.Long,java.lang.Long,java.lang.Integer,java.lang.Integer,java.lang.Integer,java.lang.Integer,java.lang.Integer)! Reason: Failed to create query for method public abstract wwf.org.staff.entity.AdditionalOrganization wwf.org.staff.repository.AdditionalOrganizationRepository.findByTenantIdAndadditionalOrganizationTypeIdAndFromTimeAndUntilTimeAndFromMonthAndUntilMonthAndValue(java.lang.Long,java.lang.Long,java.lang.Integer,java.lang.Integer,java.lang.Integer,java.lang.Integer,java.lang.Integer)! No property 'andadditionalOrganizationTypeId' found for type 'Long'! Traversed path: AdditionalOrganization.tenantId.; nested exception is java.lang.IllegalArgumentException: Failed to create query for method public abstract wwf.org.staff.entity.AdditionalOrganization wwf.org.staff.repository.AdditionalOrganizationRepository.findByTenantIdAndadditionalOrganizationTypeIdAndFromTimeAndUntilTimeAndFromMonthAndUntilMonthAndValue(java.lang.Long,java.lang.Long,java.lang.Integer,java.lang.Integer,java.lang.Integer,java.lang.Integer,java.lang.Integer)! No property 'andadditionalOrganizationTypeId' found for type 'Long'! Traversed path: AdditionalOrganization.tenantId.
Caused by: java.lang.IllegalArgumentException: Failed to create query for method public abstract wwf.org.staff.entity.AdditionalOrganization wwf.org.staff.repository.AdditionalOrganizationRepository.findByTenantIdAndadditionalOrganizationTypeIdAndFromTimeAndUntilTimeAndFromMonthAndUntilMonthAndValue(java.lang.Long,java.lang.Long,java.lang.Integer,java.lang.Integer,java.lang.Integer,java.lang.Integer,java.lang.Integer)! No property 'andadditionalOrganizationTypeId' found for type 'Long'! Traversed path: AdditionalOrganization.tenantId.
Caused by: org.springframework.data.mapping.PropertyReferenceException: No property 'andadditionalOrganizationTypeId' found for type 'Long'! Traversed path: AdditionalOrganization.tenantId.

